TN:
SF:src/App.js
FN:32,(anonymous_0)
FN:46,AppRoutes
FN:54,(anonymous_2)
FN:57,(anonymous_3)
FN:61,(anonymous_4)
FN:62,(anonymous_5)
FN:75,(anonymous_6)
FN:81,(anonymous_7)
FN:131,(anonymous_8)
FN:139,App
FN:141,(anonymous_10)
FNF:11
FNH:0
FNDA:0,(anonymous_0)
FNDA:0,AppRoutes
FNDA:0,(anonymous_2)
FNDA:0,(anonymous_3)
FNDA:0,(anonymous_4)
FNDA:0,(anonymous_5)
FNDA:0,(anonymous_6)
FNDA:0,(anonymous_7)
FNDA:0,(anonymous_8)
FNDA:0,App
FNDA:0,(anonymous_10)
DA:32,0
DA:33,0
DA:35,0
DA:36,0
DA:43,0
DA:47,0
DA:48,0
DA:49,0
DA:50,0
DA:51,0
DA:52,0
DA:54,0
DA:55,0
DA:57,0
DA:58,0
DA:59,0
DA:62,0
DA:65,0
DA:66,0
DA:68,0
DA:69,0
DA:71,0
DA:74,0
DA:75,0
DA:76,0
DA:77,0
DA:81,0
DA:82,0
DA:83,0
DA:85,0
DA:89,0
DA:90,0
DA:98,0
DA:141,0
DA:142,0
DA:143,0
DA:146,0
LF:37
LH:0
BRDA:35,0,0,0
BRDA:35,0,1,0
BRDA:43,1,0,0
BRDA:43,1,1,0
BRDA:65,2,0,0
BRDA:65,2,1,0
BRDA:68,3,0,0
BRDA:68,3,1,0
BRDA:69,4,0,0
BRDA:69,4,1,0
BRDA:71,5,0,0
BRDA:71,5,1,0
BRDA:77,6,0,0
BRDA:77,6,1,0
BRDA:82,7,0,0
BRDA:82,7,1,0
BRDA:82,8,0,0
BRDA:82,8,1,0
BRDA:89,9,0,0
BRDA:89,9,1,0
BRDA:134,10,0,0
BRDA:134,10,1,0
BRF:22
BRH:0
end_of_record
TN:
SF:src/i18n.js
FN:7,(anonymous_0)
FNF:1
FNH:0
FNDA:0,(anonymous_0)
DA:7,0
DA:8,0
DA:9,0
DA:10,0
DA:11,0
DA:12,0
DA:15,0
DA:21,0
LF:8
LH:0
BRDA:10,0,0,0
BRDA:10,0,1,0
BRDA:12,1,0,0
BRDA:12,1,1,0
BRF:4
BRH:0
end_of_record
TN:
SF:src/index.js
FNF:0
FNH:0
DA:6,0
DA:7,0
LF:2
LH:0
BRF:0
BRH:0
end_of_record
TN:
SF:src/components/AttachmentUpload.js
FN:32,(anonymous_0)
FN:41,(anonymous_1)
FN:47,(anonymous_2)
FN:61,(anonymous_3)
FN:67,(anonymous_4)
FN:73,(anonymous_5)
FN:98,(anonymous_6)
FN:103,(anonymous_7)
FN:112,(anonymous_8)
FN:128,(anonymous_9)
FN:133,(anonymous_10)
FN:138,(anonymous_11)
FN:145,(anonymous_12)
FN:231,(anonymous_13)
FN:249,(anonymous_14)
FN:252,(anonymous_15)
FN:255,(anonymous_16)
FN:263,(anonymous_17)
FN:276,(anonymous_18)
FN:279,(anonymous_19)
FN:282,(anonymous_20)
FN:305,(anonymous_21)
FNF:22
FNH:0
FNDA:0,(anonymous_0)
FNDA:0,(anonymous_1)
FNDA:0,(anonymous_2)
FNDA:0,(anonymous_3)
FNDA:0,(anonymous_4)
FNDA:0,(anonymous_5)
FNDA:0,(anonymous_6)
FNDA:0,(anonymous_7)
FNDA:0,(anonymous_8)
FNDA:0,(anonymous_9)
FNDA:0,(anonymous_10)
FNDA:0,(anonymous_11)
FNDA:0,(anonymous_12)
FNDA:0,(anonymous_13)
FNDA:0,(anonymous_14)
FNDA:0,(anonymous_15)
FNDA:0,(anonymous_16)
FNDA:0,(anonymous_17)
FNDA:0,(anonymous_18)
FNDA:0,(anonymous_19)
FNDA:0,(anonymous_20)
FNDA:0,(anonymous_21)
DA:32,0
DA:33,0
DA:34,0
DA:35,0
DA:36,0
DA:37,0
DA:38,0
DA:39,0
DA:41,0
DA:42,0
DA:43,0
DA:47,0
DA:48,0
DA:49,0
DA:50,0
DA:51,0
DA:52,0
DA:53,0
DA:55,0
DA:57,0
DA:61,0
DA:62,0
DA:63,0
DA:64,0
DA:67,0
DA:68,0
DA:71,0
DA:73,0
DA:74,0
DA:76,0
DA:77,0
DA:78,0
DA:79,0
DA:80,0
DA:81,0
DA:83,0
DA:84,0
DA:87,0
DA:88,0
DA:89,0
DA:91,0
DA:92,0
DA:95,0
DA:98,0
DA:99,0
DA:101,0
DA:102,0
DA:103,0
DA:104,0
DA:105,0
DA:107,0
DA:108,0
DA:112,0
DA:113,0
DA:114,0
DA:118,0
DA:120,0
DA:121,0
DA:123,0
DA:124,0
DA:128,0
DA:129,0
DA:130,0
DA:133,0
DA:134,0
DA:135,0
DA:138,0
DA:139,0
DA:140,0
DA:141,0
DA:142,0
DA:145,0
DA:146,0
DA:147,0
DA:148,0
DA:149,0
DA:152,0
DA:232,0
DA:233,0
DA:249,0
DA:252,0
DA:255,0
DA:264,0
DA:276,0
DA:279,0
DA:282,0
DA:305,0
LF:87
LH:0
BRDA:32,0,0,0
BRDA:42,1,0,0
BRDA:42,1,1,0
BRDA:48,2,0,0
BRDA:48,2,1,0
BRDA:53,3,0,0
BRDA:53,3,1,0
BRDA:62,4,0,0
BRDA:62,4,1,0
BRDA:74,5,0,0
BRDA:74,5,1,0
BRDA:80,6,0,0
BRDA:80,6,1,0
BRDA:81,7,0,0
BRDA:81,7,1,0
BRDA:89,8,0,0
BRDA:89,8,1,0
BRDA:99,9,0,0
BRDA:99,9,1,0
BRDA:105,10,0,0
BRDA:105,10,1,0
BRDA:118,11,0,0
BRDA:118,11,1,0
BRDA:139,12,0,0
BRDA:139,12,1,0
BRDA:140,13,0,0
BRDA:140,13,1,0
BRDA:141,14,0,0
BRDA:141,14,1,0
BRDA:146,15,0,0
BRDA:146,15,1,0
BRDA:147,16,0,0
BRDA:147,16,1,0
BRDA:148,17,0,0
BRDA:148,17,1,0
BRDA:154,18,0,0
BRDA:154,18,1,0
BRDA:160,19,0,0
BRDA:160,19,1,0
BRDA:175,20,0,0
BRDA:175,20,1,0
BRDA:179,21,0,0
BRDA:179,21,1,0
BRDA:180,22,0,0
BRDA:180,22,1,0
BRDA:193,23,0,0
BRDA:193,23,1,0
BRDA:201,24,0,0
BRDA:201,24,1,0
BRDA:209,25,0,0
BRDA:209,25,1,0
BRDA:218,26,0,0
BRDA:218,26,1,0
BRDA:218,27,0,0
BRDA:218,27,1,0
BRDA:229,28,0,0
BRDA:229,28,1,0
BRDA:291,29,0,0
BRDA:291,29,1,0
BRDA:301,30,0,0
BRDA:301,30,1,0
BRDA:305,31,0,0
BRDA:305,31,1,0
BRF:63
BRH:0
end_of_record
TN:
SF:src/components/AttachmentViewerDialog.js
FN:17,(anonymous_0)
FN:43,(anonymous_1)
FN:46,(anonymous_2)
FN:74,(anonymous_3)
FN:79,(anonymous_4)
FN:80,(anonymous_5)
FN:87,(anonymous_6)
FN:88,(anonymous_7)
FN:91,(anonymous_8)
FN:105,(anonymous_9)
FN:113,(anonymous_10)
FN:128,(anonymous_11)
FN:131,(anonymous_12)
FN:141,(anonymous_13)
FN:144,(anonymous_14)
FN:153,(anonymous_15)
FN:160,(anonymous_16)
FN:166,(anonymous_17)
FN:169,(anonymous_18)
FN:182,(anonymous_19)
FN:189,(anonymous_20)
FN:195,(anonymous_21)
FN:196,(anonymous_22)
FN:206,(anonymous_23)
FN:211,(anonymous_24)
FNF:25
FNH:0
FNDA:0,(anonymous_0)
FNDA:0,(anonymous_1)
FNDA:0,(anonymous_2)
FNDA:0,(anonymous_3)
FNDA:0,(anonymous_4)
FNDA:0,(anonymous_5)
FNDA:0,(anonymous_6)
FNDA:0,(anonymous_7)
FNDA:0,(anonymous_8)
FNDA:0,(anonymous_9)
FNDA:0,(anonymous_10)
FNDA:0,(anonymous_11)
FNDA:0,(anonymous_12)
FNDA:0,(anonymous_13)
FNDA:0,(anonymous_14)
FNDA:0,(anonymous_15)
FNDA:0,(anonymous_16)
FNDA:0,(anonymous_17)
FNDA:0,(anonymous_18)
FNDA:0,(anonymous_19)
FNDA:0,(anonymous_20)
FNDA:0,(anonymous_21)
FNDA:0,(anonymous_22)
FNDA:0,(anonymous_23)
FNDA:0,(anonymous_24)
DA:17,0
DA:26,0
DA:27,0
DA:28,0
DA:29,0
DA:30,0
DA:31,0
DA:32,0
DA:33,0
DA:34,0
DA:35,0
DA:36,0
DA:37,0
DA:38,0
DA:39,0
DA:40,0
DA:41,0
DA:43,0
DA:44,0
DA:46,0
DA:47,0
DA:49,0
DA:50,0
DA:51,0
DA:52,0
DA:53,0
DA:56,0
DA:58,0
DA:59,0
DA:60,0
DA:61,0
DA:63,0
DA:64,0
DA:66,0
DA:67,0
DA:72,0
DA:74,0
DA:75,0
DA:79,0
DA:80,0
DA:81,0
DA:82,0
DA:87,0
DA:88,0
DA:91,0
DA:92,0
DA:93,0
DA:94,0
DA:95,0
DA:96,0
DA:97,0
DA:105,0
DA:106,0
DA:107,0
DA:108,0
DA:110,0
DA:113,0
DA:114,0
DA:115,0
DA:117,0
DA:118,0
DA:119,0
DA:120,0
DA:121,0
DA:122,0
DA:123,0
DA:124,0
DA:125,0
DA:128,0
DA:129,0
DA:130,0
DA:131,0
DA:132,0
DA:138,0
DA:141,0
DA:142,0
DA:144,0
DA:145,0
DA:146,0
DA:147,0
DA:153,0
DA:154,0
DA:155,0
DA:158,0
DA:159,0
DA:160,0
DA:161,0
DA:162,0
DA:166,0
DA:167,0
DA:169,0
DA:170,0
DA:171,0
DA:172,0
DA:173,0
DA:174,0
DA:175,0
DA:176,0
DA:178,0
DA:179,0
DA:182,0
DA:183,0
DA:184,0
DA:187,0
DA:188,0
DA:189,0
DA:190,0
DA:191,0
DA:195,0
DA:196,0
DA:197,0
DA:198,0
DA:199,0
DA:200,0
DA:201,0
DA:205,0
DA:206,0
DA:207,0
DA:211,0
DA:213,0
LF:120
LH:0
BRDA:24,0,0,0
BRDA:47,1,0,0
BRDA:47,1,1,0
BRDA:47,2,0,0
BRDA:47,2,1,0
BRDA:56,3,0,0
BRDA:56,3,1,0
BRDA:61,4,0,0
BRDA:61,4,1,0
BRDA:61,4,2,0
BRDA:63,5,0,0
BRDA:63,5,1,0
BRDA:66,6,0,0
BRDA:66,6,1,0
BRDA:81,7,0,0
BRDA:81,7,1,0
BRDA:92,8,0,0
BRDA:92,8,1,0
BRDA:94,9,0,0
BRDA:94,9,1,0
BRDA:106,10,0,0
BRDA:106,10,1,0
BRDA:114,11,0,0
BRDA:114,11,1,0
BRDA:130,12,0,0
BRDA:130,12,1,0
BRDA:131,13,0,0
BRDA:131,13,1,0
BRDA:142,14,0,0
BRDA:142,14,1,0
BRDA:142,15,0,0
BRDA:142,15,1,0
BRDA:167,16,0,0
BRDA:167,16,1,0
BRDA:172,17,0,0
BRDA:172,17,1,0
BRDA:172,18,0,0
BRDA:172,18,1,0
BRDA:175,19,0,0
BRDA:175,19,1,0
BRDA:198,20,0,0
BRDA:198,20,1,0
BRDA:200,21,0,0
BRDA:200,21,1,0
BRDA:228,22,0,0
BRDA:228,22,1,0
BRDA:229,23,0,0
BRDA:229,23,1,0
BRDA:233,24,0,0
BRDA:233,24,1,0
BRDA:234,25,0,0
BRDA:234,25,1,0
BRDA:235,26,0,0
BRDA:235,26,1,0
BRDA:253,27,0,0
BRDA:253,27,1,0
BRDA:253,28,0,0
BRDA:253,28,1,0
BRDA:254,29,0,0
BRDA:254,29,1,0
BRDA:255,30,0,0
BRDA:255,30,1,0
BRDA:262,31,0,0
BRDA:262,31,1,0
BRDA:278,32,0,0
BRDA:278,32,1,0
BRDA:283,33,0,0
BRDA:283,33,1,0
BRDA:289,34,0,0
BRDA:289,34,1,0
BRDA:290,35,0,0
BRDA:290,35,1,0
BRDA:290,36,0,0
BRDA:290,36,1,0
BRDA:299,37,0,0
BRDA:299,37,1,0
BRDA:300,38,0,0
BRDA:300,38,1,0
BRDA:301,39,0,0
BRDA:301,39,1,0
BRDA:302,40,0,0
BRDA:302,40,1,0
BRDA:302,41,0,0
BRDA:302,41,1,0
BRDA:313,42,0,0
BRDA:313,42,1,0
BRDA:313,43,0,0
BRDA:313,43,1,0
BRDA:314,44,0,0
BRDA:314,44,1,0
BRDA:315,45,0,0
BRDA:315,45,1,0
BRDA:319,46,0,0
BRDA:319,46,1,0
BRDA:341,47,0,0
BRDA:341,47,1,0
BRDA:341,48,0,0
BRDA:341,48,1,0
BRF:98
BRH:0
end_of_record
TN:
SF:src/components/ConsumableDialog.js
FN:24,ConsumableDialog
FN:64,(anonymous_1)
FN:65,(anonymous_2)
FN:79,(anonymous_3)
FN:130,(anonymous_4)
FN:136,(anonymous_5)
FN:184,(anonymous_6)
FN:185,(anonymous_7)
FN:204,(anonymous_8)
FN:221,(anonymous_9)
FN:228,(anonymous_10)
FN:237,(anonymous_11)
FN:241,(anonymous_12)
FN:250,(anonymous_13)
FN:254,(anonymous_14)
FN:298,(anonymous_15)
FN:310,(anonymous_16)
FN:314,(anonymous_17)
FN:380,(anonymous_18)
FN:381,(anonymous_19)
FN:486,(anonymous_20)
FN:489,(anonymous_21)
FN:501,(anonymous_22)
FN:504,(anonymous_23)
FN:525,(anonymous_24)
FN:532,(anonymous_25)
FNF:26
FNH:0
FNDA:0,ConsumableDialog
FNDA:0,(anonymous_1)
FNDA:0,(anonymous_2)
FNDA:0,(anonymous_3)
FNDA:0,(anonymous_4)
FNDA:0,(anonymous_5)
FNDA:0,(anonymous_6)
FNDA:0,(anonymous_7)
FNDA:0,(anonymous_8)
FNDA:0,(anonymous_9)
FNDA:0,(anonymous_10)
FNDA:0,(anonymous_11)
FNDA:0,(anonymous_12)
FNDA:0,(anonymous_13)
FNDA:0,(anonymous_14)
FNDA:0,(anonymous_15)
FNDA:0,(anonymous_16)
FNDA:0,(anonymous_17)
FNDA:0,(anonymous_18)
FNDA:0,(anonymous_19)
FNDA:0,(anonymous_20)
FNDA:0,(anonymous_21)
FNDA:0,(anonymous_22)
FNDA:0,(anonymous_23)
FNDA:0,(anonymous_24)
FNDA:0,(anonymous_25)
DA:25,0
DA:26,0
DA:27,0
DA:28,0
DA:43,0
DA:44,0
DA:45,0
DA:46,0
DA:47,0
DA:48,0
DA:49,0
DA:50,0
DA:51,0
DA:52,0
DA:53,0
DA:54,0
DA:57,0
DA:61,0
DA:64,0
DA:65,0
DA:66,0
DA:67,0
DA:68,0
DA:69,0
DA:71,0
DA:72,0
DA:75,0
DA:79,0
DA:80,0
DA:81,0
DA:83,0
DA:84,0
DA:99,0
DA:100,0
DA:101,0
DA:104,0
DA:105,0
DA:106,0
DA:107,0
DA:108,0
DA:123,0
DA:124,0
DA:126,0
DA:130,0
DA:131,0
DA:132,0
DA:136,0
DA:137,0
DA:138,0
DA:139,0
DA:140,0
DA:155,0
DA:156,0
DA:157,0
DA:158,0
DA:160,0
DA:161,0
DA:162,0
DA:177,0
DA:178,0
DA:179,0
DA:180,0
DA:184,0
DA:185,0
DA:186,0
DA:187,0
DA:188,0
DA:189,0
DA:190,0
DA:191,0
DA:192,0
DA:193,0
DA:194,0
DA:196,0
DA:197,0
DA:198,0
DA:201,0
DA:204,0
DA:205,0
DA:206,0
DA:208,0
DA:209,0
DA:212,0
DA:213,0
DA:215,0
DA:217,0
DA:221,0
DA:222,0
DA:228,0
DA:229,0
DA:230,0
DA:231,0
DA:232,0
DA:233,0
DA:234,0
DA:235,0
DA:236,0
DA:237,0
DA:241,0
DA:242,0
DA:243,0
DA:244,0
DA:245,0
DA:246,0
DA:247,0
DA:248,0
DA:249,0
DA:250,0
DA:254,0
DA:255,0
DA:256,0
DA:258,0
DA:259,0
DA:281,0
DA:283,0
DA:284,0
DA:285,0
DA:287,0
DA:289,0
DA:291,0
DA:293,0
DA:297,0
DA:298,0
DA:310,0
DA:315,0
DA:380,0
DA:382,0
DA:486,0
DA:490,0
DA:501,0
DA:505,0
DA:525,0
DA:532,0
LF:133
LH:0
BRDA:57,0,0,0
BRDA:57,0,1,0
BRDA:61,1,0,0
BRDA:61,1,1,0
BRDA:61,1,2,0
BRDA:66,2,0,0
BRDA:66,2,1,0
BRDA:66,3,0,0
BRDA:66,3,1,0
BRDA:66,3,2,0
BRDA:69,4,0,0
BRDA:69,4,1,0
BRDA:81,5,0,0
BRDA:81,5,1,0
BRDA:109,6,0,0
BRDA:109,6,1,0
BRDA:111,7,0,0
BRDA:111,7,1,0
BRDA:112,8,0,0
BRDA:112,8,1,0
BRDA:113,9,0,0
BRDA:113,9,1,0
BRDA:114,10,0,0
BRDA:114,10,1,0
BRDA:115,11,0,0
BRDA:115,11,1,0
BRDA:116,12,0,0
BRDA:116,12,1,0
BRDA:117,13,0,0
BRDA:117,13,1,0
BRDA:118,14,0,0
BRDA:118,14,1,0
BRDA:119,15,0,0
BRDA:119,15,1,0
BRDA:120,16,0,0
BRDA:120,16,1,0
BRDA:121,17,0,0
BRDA:121,17,1,0
BRDA:123,18,0,0
BRDA:123,18,1,0
BRDA:124,19,0,0
BRDA:124,19,1,0
BRDA:131,20,0,0
BRDA:131,20,1,0
BRDA:131,21,0,0
BRDA:131,21,1,0
BRDA:137,22,0,0
BRDA:137,22,1,0
BRDA:141,23,0,0
BRDA:141,23,1,0
BRDA:143,24,0,0
BRDA:143,24,1,0
BRDA:144,25,0,0
BRDA:144,25,1,0
BRDA:145,26,0,0
BRDA:145,26,1,0
BRDA:146,27,0,0
BRDA:146,27,1,0
BRDA:147,28,0,0
BRDA:147,28,1,0
BRDA:148,29,0,0
BRDA:148,29,1,0
BRDA:149,30,0,0
BRDA:149,30,1,0
BRDA:150,31,0,0
BRDA:150,31,1,0
BRDA:151,32,0,0
BRDA:151,32,1,0
BRDA:152,33,0,0
BRDA:152,33,1,0
BRDA:153,34,0,0
BRDA:153,34,1,0
BRDA:155,35,0,0
BRDA:155,35,1,0
BRDA:156,36,0,0
BRDA:156,36,1,0
BRDA:157,37,0,0
BRDA:157,37,1,0
BRDA:158,38,0,0
BRDA:158,38,1,0
BRDA:186,39,0,0
BRDA:186,39,1,0
BRDA:189,40,0,0
BRDA:189,40,1,0
BRDA:192,41,0,0
BRDA:192,41,1,0
BRDA:193,42,0,0
BRDA:193,42,1,0
BRDA:193,43,0,0
BRDA:193,43,1,0
BRDA:201,44,0,0
BRDA:201,44,1,0
BRDA:231,45,0,0
BRDA:231,45,1,0
BRDA:232,46,0,0
BRDA:232,46,1,0
BRDA:233,47,0,0
BRDA:233,47,1,0
BRDA:234,48,0,0
BRDA:234,48,1,0
BRDA:235,49,0,0
BRDA:235,49,1,0
BRDA:236,50,0,0
BRDA:236,50,1,0
BRDA:244,51,0,0
BRDA:244,51,1,0
BRDA:245,52,0,0
BRDA:245,52,1,0
BRDA:246,53,0,0
BRDA:246,53,1,0
BRDA:247,54,0,0
BRDA:247,54,1,0
BRDA:248,55,0,0
BRDA:248,55,1,0
BRDA:249,56,0,0
BRDA:249,56,1,0
BRDA:262,57,0,0
BRDA:262,57,1,0
BRDA:263,58,0,0
BRDA:263,58,1,0
BRDA:264,59,0,0
BRDA:264,59,1,0
BRDA:265,60,0,0
BRDA:265,60,1,0
BRDA:266,61,0,0
BRDA:266,61,1,0
BRDA:281,62,0,0
BRDA:281,62,1,0
BRDA:281,63,0,0
BRDA:281,63,1,0
BRDA:284,64,0,0
BRDA:284,64,1,0
BRDA:284,65,0,0
BRDA:284,65,1,0
BRDA:302,66,0,0
BRDA:302,66,1,0
BRDA:304,67,0,0
BRDA:304,67,1,0
BRDA:304,67,2,0
BRDA:316,68,0,0
BRDA:316,68,1,0
BRDA:316,68,2,0
BRDA:316,69,0,0
BRDA:316,69,1,0
BRDA:316,70,0,0
BRDA:316,70,1,0
BRDA:327,71,0,0
BRDA:327,71,1,0
BRDA:380,72,0,0
BRDA:380,72,1,0
BRDA:380,73,0,0
BRDA:380,73,1,0
BRDA:485,74,0,0
BRDA:485,74,1,0
BRDA:490,75,0,0
BRDA:490,75,1,0
BRDA:490,76,0,0
BRDA:490,76,1,0
BRDA:500,77,0,0
BRDA:500,77,1,0
BRDA:505,78,0,0
BRDA:505,78,1,0
BRDA:505,79,0,0
BRDA:505,79,1,0
BRDA:535,80,0,0
BRDA:535,80,1,0
BRDA:536,81,0,0
BRDA:536,81,1,0
BRF:168
BRH:0
end_of_record
TN:
SF:src/components/DownloadHelpers.js
FN:3,saveBlob
FN:21,downloadJsonObject
FNF:2
FNH:0
FNDA:0,saveBlob
FNDA:0,downloadJsonObject
DA:4,0
DA:5,0
DA:6,0
DA:7,0
DA:8,0
DA:9,0
DA:10,0
DA:11,0
DA:12,0
DA:17,0
DA:22,0
DA:23,0
DA:24,0
LF:13
LH:0
BRDA:8,0,0,0
BRDA:8,0,1,0
BRDA:21,1,0,0
BRF:3
BRH:0
end_of_record
TN:
SF:src/components/ErrorBoundary.js
FN:7,(anonymous_0)
FN:12,(anonymous_1)
FN:16,(anonymous_2)
FN:33,(anonymous_3)
FN:37,(anonymous_4)
FNF:5
FNH:0
FNDA:0,(anonymous_0)
FNDA:0,(anonymous_1)
FNDA:0,(anonymous_2)
FNDA:0,(anonymous_3)
FNDA:0,(anonymous_4)
DA:8,0
DA:9,0
DA:13,0
DA:17,0
DA:23,0
DA:24,0
DA:28,0
DA:29,0
DA:33,0
DA:34,0
DA:38,0
DA:40,0
DA:41,0
DA:45,0
DA:90,0
LF:15
LH:0
BRDA:23,0,0,0
BRDA:23,0,1,0
BRDA:28,1,0,0
BRDA:28,1,1,0
BRDA:38,2,0,0
BRDA:38,2,1,0
BRDA:40,3,0,0
BRDA:40,3,1,0
BRDA:59,4,0,0
BRDA:59,4,1,0
BRDA:61,5,0,0
BRDA:61,5,1,0
BRDA:61,5,2,0
BRF:13
BRH:0
end_of_record
TN:
SF:src/components/FuelRecordDialog.js
FN:22,(anonymous_0)
FN:38,(anonymous_1)
FN:42,(anonymous_2)
FN:56,(anonymous_3)
FN:76,(anonymous_4)
FN:80,(anonymous_5)
FN:93,(anonymous_6)
FN:97,(anonymous_7)
FN:121,(anonymous_8)
FN:188,(anonymous_9)
FN:227,(anonymous_10)
FNF:11
FNH:0
FNDA:0,(anonymous_0)
FNDA:0,(anonymous_1)
FNDA:0,(anonymous_2)
FNDA:0,(anonymous_3)
FNDA:0,(anonymous_4)
FNDA:0,(anonymous_5)
FNDA:0,(anonymous_6)
FNDA:0,(anonymous_7)
FNDA:0,(anonymous_8)
FNDA:0,(anonymous_9)
FNDA:0,(anonymous_10)
DA:22,0
DA:23,0
DA:32,0
DA:33,0
DA:34,0
DA:35,0
DA:36,0
DA:38,0
DA:39,0
DA:42,0
DA:43,0
DA:44,0
DA:45,0
DA:46,0
DA:48,0
DA:49,0
DA:52,0
DA:56,0
DA:57,0
DA:58,0
DA:62,0
DA:64,0
DA:76,0
DA:77,0
DA:80,0
DA:81,0
DA:84,0
DA:85,0
DA:86,0
DA:87,0
DA:88,0
DA:90,0
DA:93,0
DA:94,0
DA:97,0
DA:98,0
DA:99,0
DA:100,0
DA:101,0
DA:106,0
DA:107,0
DA:109,0
DA:111,0
DA:113,0
DA:114,0
DA:116,0
DA:120,0
DA:121,0
DA:189,0
DA:227,0
LF:50
LH:0
BRDA:45,0,0,0
BRDA:45,0,1,0
BRDA:57,1,0,0
BRDA:57,1,1,0
BRDA:60,2,0,0
BRDA:60,2,1,0
BRDA:62,3,0,0
BRDA:62,3,1,0
BRDA:84,4,0,0
BRDA:84,4,1,0
BRDA:85,5,0,0
BRDA:85,5,1,0
BRDA:86,6,0,0
BRDA:86,6,1,0
BRDA:87,7,0,0
BRDA:87,7,1,0
BRDA:88,8,0,0
BRDA:88,8,1,0
BRDA:104,9,0,0
BRDA:104,9,1,0
BRDA:106,10,0,0
BRDA:106,10,1,0
BRDA:123,11,0,0
BRDA:123,11,1,0
BRDA:181,12,0,0
BRDA:181,12,1,0
BRDA:188,13,0,0
BRDA:188,13,1,0
BRDA:229,14,0,0
BRDA:229,14,1,0
BRF:30
BRH:0
end_of_record
TN:
SF:src/components/ImportHelpers.js
FN:3,(anonymous_0)
FN:5,(anonymous_1)
FN:7,(anonymous_2)
FNF:3
FNH:0
FNDA:0,(anonymous_0)
FNDA:0,(anonymous_1)
FNDA:0,(anonymous_2)
DA:3,0
DA:5,0
DA:6,0
DA:7,0
DA:8,0
DA:9,0
DA:10,0
DA:11,0
DA:12,0
DA:13,0
DA:16,0
DA:19,0
LF:12
LH:0
BRDA:5,0,0,0
BRDA:8,1,0,0
BRDA:8,1,1,0
BRDA:8,2,0,0
BRDA:8,2,1,0
BRDA:9,3,0,0
BRDA:9,3,1,0
BRDA:10,4,0,0
BRDA:10,4,1,0
BRDA:11,5,0,0
BRDA:11,5,1,0
BRDA:13,6,0,0
BRDA:13,6,1,0
BRDA:19,7,0,0
BRDA:19,7,1,0
BRF:15
BRH:0
end_of_record
TN:
SF:src/components/ImportPreview.jsx
FN:5,(anonymous_0)
FN:5,(anonymous_1)
FN:7,(anonymous_2)
FN:11,(anonymous_3)
FN:15,(anonymous_4)
FN:19,(anonymous_5)
FN:19,(anonymous_6)
FN:33,(anonymous_7)
FN:43,(anonymous_8)
FN:54,(anonymous_9)
FN:81,(anonymous_10)
FNF:11
FNH:0
FNDA:0,(anonymous_0)
FNDA:0,(anonymous_1)
FNDA:0,(anonymous_2)
FNDA:0,(anonymous_3)
FNDA:0,(anonymous_4)
FNDA:0,(anonymous_5)
FNDA:0,(anonymous_6)
FNDA:0,(anonymous_7)
FNDA:0,(anonymous_8)
FNDA:0,(anonymous_9)
FNDA:0,(anonymous_10)
DA:5,0
DA:7,0
DA:8,0
DA:10,0
DA:11,0
DA:13,0
DA:15,0
DA:16,0
DA:17,0
DA:18,0
DA:19,0
DA:20,0
DA:23,0
DA:34,0
DA:44,0
DA:55,0
DA:81,0
LF:17
LH:0
BRDA:5,0,0,0
BRDA:5,0,1,0
BRDA:5,0,2,0
BRDA:5,1,0,0
BRDA:5,1,1,0
BRDA:5,1,2,0
BRDA:10,2,0,0
BRDA:10,2,1,0
BRDA:10,3,0,0
BRDA:10,3,1,0
BRDA:10,4,0,0
BRDA:10,4,1,0
BRDA:13,5,0,0
BRDA:13,5,1,0
BRDA:16,6,0,0
BRDA:16,6,1,0
BRDA:17,7,0,0
BRDA:17,7,1,0
BRDA:25,8,0,0
BRDA:25,8,1,0
BRDA:27,9,0,0
BRDA:27,9,1,0
BRDA:45,10,0,0
BRDA:45,10,1,0
BRDA:47,11,0,0
BRDA:47,11,1,0
BRDA:47,11,2,0
BRDA:47,11,3,0
BRDA:47,11,4,0
BRDA:48,12,0,0
BRDA:48,12,1,0
BRDA:48,12,2,0
BRDA:49,13,0,0
BRDA:49,13,1,0
BRDA:50,14,0,0
BRDA:50,14,1,0
BRDA:50,14,2,0
BRDA:50,14,3,0
BRDA:50,14,4,0
BRDA:51,15,0,0
BRDA:51,15,1,0
BRDA:51,15,2,0
BRDA:55,16,0,0
BRDA:55,16,1,0
BRDA:55,17,0,0
BRDA:55,17,1,0
BRDA:69,18,0,0
BRDA:69,18,1,0
BRDA:74,19,0,0
BRDA:74,19,1,0
BRDA:76,20,0,0
BRDA:76,20,1,0
BRDA:79,21,0,0
BRDA:79,21,1,0
BRDA:81,22,0,0
BRDA:81,22,1,0
BRF:56
BRH:0
end_of_record
TN:
SF:src/components/InsuranceDialog.js
FN:5,(anonymous_0)
FNF:1
FNH:0
FNDA:0,(anonymous_0)
DA:5,0
LF:1
LH:0
BRF:0
BRH:0
end_of_record
TN:
SF:src/components/KnightRiderLoader.js
FN:4,(anonymous_0)
FNF:1
FNH:0
FNDA:0,(anonymous_0)
DA:4,0
DA:11,0
DA:12,0
DA:13,0
DA:14,0
DA:15,0
DA:17,0
LF:7
LH:0
BRDA:5,0,0,0
BRDA:8,1,0,0
BRDA:9,2,0,0
BRDA:11,3,0,0
BRDA:11,3,1,0
BRF:5
BRH:0
end_of_record
TN:
SF:src/components/LanguageSelector.js
FN:7,LanguageSelector
FN:11,(anonymous_1)
FN:16,(anonymous_2)
FN:40,(anonymous_3)
FNF:4
FNH:0
FNDA:0,LanguageSelector
FNDA:0,(anonymous_1)
FNDA:0,(anonymous_2)
FNDA:0,(anonymous_3)
DA:8,0
DA:9,0
DA:11,0
DA:12,0
DA:16,0
DA:17,0
DA:18,0
DA:19,0
DA:21,0
DA:23,0
DA:31,0
DA:41,0
LF:12
LH:0
BRDA:7,0,0,0
BRDA:35,1,0,0
BRDA:35,1,1,0
BRF:3
BRH:0
end_of_record
TN:
SF:src/components/Layout.js
FN:67,(anonymous_0)
FN:83,(anonymous_1)
FN:84,(anonymous_2)
FN:95,(anonymous_3)
FN:98,(anonymous_4)
FN:123,(anonymous_5)
FN:124,(anonymous_6)
FN:126,(anonymous_7)
FN:128,(anonymous_8)
FN:141,SortableItem
FN:154,(anonymous_10)
FN:168,(anonymous_11)
FN:177,(anonymous_12)
FN:179,(anonymous_13)
FN:197,(anonymous_14)
FN:199,(anonymous_15)
FN:204,(anonymous_16)
FN:214,(anonymous_17)
FN:217,(anonymous_18)
FN:219,(anonymous_19)
FN:222,(anonymous_20)
FN:229,(anonymous_21)
FN:232,(anonymous_22)
FN:249,(anonymous_23)
FN:254,(anonymous_24)
FN:265,(anonymous_25)
FN:268,(anonymous_26)
FN:269,(anonymous_27)
FN:277,(anonymous_28)
FN:278,(anonymous_29)
FN:333,(anonymous_30)
FN:352,(anonymous_31)
FN:356,(anonymous_32)
FN:360,(anonymous_33)
FN:360,(anonymous_34)
FN:363,(anonymous_35)
FN:363,(anonymous_36)
FN:377,(anonymous_37)
FN:407,(anonymous_38)
FN:407,(anonymous_39)
FN:436,(anonymous_40)
FNF:41
FNH:0
FNDA:0,(anonymous_0)
FNDA:0,(anonymous_1)
FNDA:0,(anonymous_2)
FNDA:0,(anonymous_3)
FNDA:0,(anonymous_4)
FNDA:0,(anonymous_5)
FNDA:0,(anonymous_6)
FNDA:0,(anonymous_7)
FNDA:0,(anonymous_8)
FNDA:0,SortableItem
FNDA:0,(anonymous_10)
FNDA:0,(anonymous_11)
FNDA:0,(anonymous_12)
FNDA:0,(anonymous_13)
FNDA:0,(anonymous_14)
FNDA:0,(anonymous_15)
FNDA:0,(anonymous_16)
FNDA:0,(anonymous_17)
FNDA:0,(anonymous_18)
FNDA:0,(anonymous_19)
FNDA:0,(anonymous_20)
FNDA:0,(anonymous_21)
FNDA:0,(anonymous_22)
FNDA:0,(anonymous_23)
FNDA:0,(anonymous_24)
FNDA:0,(anonymous_25)
FNDA:0,(anonymous_26)
FNDA:0,(anonymous_27)
FNDA:0,(anonymous_28)
FNDA:0,(anonymous_29)
FNDA:0,(anonymous_30)
FNDA:0,(anonymous_31)
FNDA:0,(anonymous_32)
FNDA:0,(anonymous_33)
FNDA:0,(anonymous_34)
FNDA:0,(anonymous_35)
FNDA:0,(anonymous_36)
FNDA:0,(anonymous_37)
FNDA:0,(anonymous_38)
FNDA:0,(anonymous_39)
FNDA:0,(anonymous_40)
DA:65,0
DA:67,0
DA:68,0
DA:69,0
DA:70,0
DA:71,0
DA:72,0
DA:73,0
DA:74,0
DA:75,0
DA:76,0
DA:77,0
DA:78,0
DA:79,0
DA:80,0
DA:83,0
DA:84,0
DA:85,0
DA:86,0
DA:87,0
DA:88,0
DA:94,0
DA:95,0
DA:98,0
DA:99,0
DA:100,0
DA:101,0
DA:104,0
DA:120,0
DA:123,0
DA:124,0
DA:125,0
DA:126,0
DA:127,0
DA:128,0
DA:129,0
DA:130,0
DA:133,0
DA:137,0
DA:142,0
DA:143,0
DA:151,0
DA:154,0
DA:168,0
DA:177,0
DA:178,0
DA:179,0
DA:180,0
DA:181,0
DA:182,0
DA:183,0
DA:184,0
DA:185,0
DA:192,0
DA:193,0
DA:194,0
DA:195,0
DA:196,0
DA:197,0
DA:198,0
DA:199,0
DA:200,0
DA:201,0
DA:204,0
DA:205,0
DA:214,0
DA:217,0
DA:219,0
DA:222,0
DA:223,0
DA:224,0
DA:225,0
DA:229,0
DA:230,0
DA:231,0
DA:232,0
DA:233,0
DA:236,0
DA:241,0
DA:250,0
DA:251,0
DA:252,0
DA:253,0
DA:254,0
DA:266,0
DA:267,0
DA:268,0
DA:269,0
DA:270,0
DA:271,0
DA:272,0
DA:273,0
DA:277,0
DA:279,0
DA:293,0
DA:334,0
DA:335,0
DA:336,0
DA:337,0
DA:339,0
DA:343,0
DA:345,0
DA:352,0
DA:356,0
DA:360,0
DA:363,0
DA:377,0
DA:407,0
DA:436,0
LF:109
LH:0
BRDA:86,0,0,0
BRDA:86,0,1,0
BRDA:86,1,0,0
BRDA:86,1,1,0
BRDA:87,2,0,0
BRDA:87,2,1,0
BRDA:87,3,0,0
BRDA:87,3,1,0
BRDA:88,4,0,0
BRDA:88,4,1,0
BRDA:99,5,0,0
BRDA:99,5,1,0
BRDA:99,6,0,0
BRDA:99,6,1,0
BRDA:100,7,0,0
BRDA:100,7,1,0
BRDA:114,8,0,0
BRDA:114,8,1,0
BRDA:115,9,0,0
BRDA:115,9,1,0
BRDA:127,10,0,0
BRDA:127,10,1,0
BRDA:127,11,0,0
BRDA:127,11,1,0
BRDA:129,12,0,0
BRDA:129,12,1,0
BRDA:130,13,0,0
BRDA:130,13,1,0
BRDA:146,14,0,0
BRDA:146,14,1,0
BRDA:147,15,0,0
BRDA:147,15,1,0
BRDA:148,16,0,0
BRDA:148,16,1,0
BRDA:180,17,0,0
BRDA:180,17,1,0
BRDA:180,18,0,0
BRDA:180,18,1,0
BRDA:184,19,0,0
BRDA:184,19,1,0
BRDA:184,20,0,0
BRDA:184,20,1,0
BRDA:194,21,0,0
BRDA:194,21,1,0
BRDA:195,22,0,0
BRDA:195,22,1,0
BRDA:195,23,0,0
BRDA:195,23,1,0
BRDA:195,23,2,0
BRDA:201,24,0,0
BRDA:201,24,1,0
BRDA:204,25,0,0
BRDA:204,25,1,0
BRDA:224,26,0,0
BRDA:224,26,1,0
BRDA:224,27,0,0
BRDA:224,27,1,0
BRDA:230,28,0,0
BRDA:230,28,1,0
BRDA:230,29,0,0
BRDA:230,29,1,0
BRDA:232,30,0,0
BRDA:232,30,1,0
BRDA:236,31,0,0
BRDA:236,31,1,0
BRDA:248,32,0,0
BRDA:248,32,1,0
BRDA:254,33,0,0
BRDA:254,33,1,0
BRDA:254,34,0,0
BRDA:254,34,1,0
BRDA:257,35,0,0
BRDA:257,35,1,0
BRDA:267,36,0,0
BRDA:267,36,1,0
BRDA:270,37,0,0
BRDA:270,37,1,0
BRDA:270,38,0,0
BRDA:270,38,1,0
BRDA:270,38,2,0
BRDA:298,39,0,0
BRDA:298,39,1,0
BRDA:299,40,0,0
BRDA:299,40,1,0
BRDA:303,41,0,0
BRDA:303,41,1,0
BRDA:334,42,0,0
BRDA:334,42,1,0
BRDA:337,43,0,0
BRDA:337,43,1,0
BRDA:337,44,0,0
BRDA:337,44,1,0
BRDA:343,45,0,0
BRDA:343,45,1,0
BRDA:349,46,0,0
BRDA:349,46,1,0
BRDA:371,47,0,0
BRDA:371,47,1,0
BRDA:380,48,0,0
BRDA:380,48,1,0
BRDA:394,49,0,0
BRDA:394,49,1,0
BRDA:403,50,0,0
BRDA:403,50,1,0
BRDA:407,51,0,0
BRDA:407,51,1,0
BRDA:407,52,0,0
BRDA:407,52,1,0
BRDA:423,53,0,0
BRDA:423,53,1,0
BRDA:434,54,0,0
BRDA:434,54,1,0
BRDA:444,55,0,0
BRDA:444,55,1,0
BRDA:444,56,0,0
BRDA:444,56,1,0
BRDA:444,56,2,0
BRDA:453,57,0,0
BRDA:453,57,1,0
BRF:119
BRH:0
end_of_record
TN:
SF:src/components/LicensePlate.js
FN:10,(anonymous_0)
FNF:1
FNH:0
FNDA:0,(anonymous_0)
DA:10,0
DA:12,0
DA:15,0
DA:16,0
DA:40,0
DA:41,0
DA:65,0
LF:7
LH:0
BRDA:12,0,0,0
BRDA:12,0,1,0
BRDA:15,1,0,0
BRDA:15,1,1,0
BRDA:40,2,0,0
BRDA:40,2,1,0
BRF:6
BRH:0
end_of_record
TN:
SF:src/components/MotDialog.js
FN:33,(anonymous_0)
FN:68,(anonymous_1)
FN:79,(anonymous_2)
FN:84,(anonymous_3)
FN:91,(anonymous_4)
FN:98,(anonymous_5)
FN:102,(anonymous_6)
FN:105,(anonymous_7)
FN:133,(anonymous_8)
FN:140,(anonymous_9)
FN:147,(anonymous_10)
FN:153,(anonymous_11)
FN:167,(anonymous_12)
FN:182,(anonymous_13)
FN:183,(anonymous_14)
FN:217,(anonymous_15)
FN:221,(anonymous_16)
FN:227,(anonymous_17)
FN:233,(anonymous_18)
FN:239,(anonymous_19)
FN:264,(anonymous_20)
FN:281,(anonymous_21)
FN:393,(anonymous_22)
FN:402,(anonymous_23)
FN:405,(anonymous_24)
FN:408,(anonymous_25)
FN:412,(anonymous_26)
FN:416,(anonymous_27)
FN:419,(anonymous_28)
FN:422,(anonymous_29)
FN:426,(anonymous_30)
FN:447,(anonymous_31)
FN:454,(anonymous_32)
FN:492,(anonymous_33)
FN:495,(anonymous_34)
FN:507,(anonymous_35)
FN:514,(anonymous_36)
FN:517,(anonymous_37)
FN:528,(anonymous_38)
FN:534,(anonymous_39)
FN:534,(anonymous_40)
FN:541,(anonymous_41)
FN:544,(anonymous_42)
FN:556,(anonymous_43)
FN:583,(anonymous_44)
FN:584,(anonymous_45)
FN:590,(anonymous_46)
FN:601,(anonymous_47)
FN:609,(anonymous_48)
FN:619,(anonymous_49)
FN:628,(anonymous_50)
FN:634,(anonymous_51)
FN:635,(anonymous_52)
FN:636,(anonymous_53)
FNF:54
FNH:0
FNDA:0,(anonymous_0)
FNDA:0,(anonymous_1)
FNDA:0,(anonymous_2)
FNDA:0,(anonymous_3)
FNDA:0,(anonymous_4)
FNDA:0,(anonymous_5)
FNDA:0,(anonymous_6)
FNDA:0,(anonymous_7)
FNDA:0,(anonymous_8)
FNDA:0,(anonymous_9)
FNDA:0,(anonymous_10)
FNDA:0,(anonymous_11)
FNDA:0,(anonymous_12)
FNDA:0,(anonymous_13)
FNDA:0,(anonymous_14)
FNDA:0,(anonymous_15)
FNDA:0,(anonymous_16)
FNDA:0,(anonymous_17)
FNDA:0,(anonymous_18)
FNDA:0,(anonymous_19)
FNDA:0,(anonymous_20)
FNDA:0,(anonymous_21)
FNDA:0,(anonymous_22)
FNDA:0,(anonymous_23)
FNDA:0,(anonymous_24)
FNDA:0,(anonymous_25)
FNDA:0,(anonymous_26)
FNDA:0,(anonymous_27)
FNDA:0,(anonymous_28)
FNDA:0,(anonymous_29)
FNDA:0,(anonymous_30)
FNDA:0,(anonymous_31)
FNDA:0,(anonymous_32)
FNDA:0,(anonymous_33)
FNDA:0,(anonymous_34)
FNDA:0,(anonymous_35)
FNDA:0,(anonymous_36)
FNDA:0,(anonymous_37)
FNDA:0,(anonymous_38)
FNDA:0,(anonymous_39)
FNDA:0,(anonymous_40)
FNDA:0,(anonymous_41)
FNDA:0,(anonymous_42)
FNDA:0,(anonymous_43)
FNDA:0,(anonymous_44)
FNDA:0,(anonymous_45)
FNDA:0,(anonymous_46)
FNDA:0,(anonymous_47)
FNDA:0,(anonymous_48)
FNDA:0,(anonymous_49)
FNDA:0,(anonymous_50)
FNDA:0,(anonymous_51)
FNDA:0,(anonymous_52)
FNDA:0,(anonymous_53)
DA:33,0
DA:34,0
DA:51,0
DA:52,0
DA:53,0
DA:54,0
DA:55,0
DA:56,0
DA:57,0
DA:58,0
DA:59,0
DA:60,0
DA:61,0
DA:62,0
DA:63,0
DA:64,0
DA:65,0
DA:66,0
DA:68,0
DA:69,0
DA:70,0
DA:71,0
DA:72,0
DA:74,0
DA:79,0
DA:80,0
DA:81,0
DA:82,0
DA:83,0
DA:84,0
DA:86,0
DA:87,0
DA:88,0
DA:89,0
DA:91,0
DA:93,0
DA:94,0
DA:95,0
DA:96,0
DA:98,0
DA:99,0
DA:100,0
DA:102,0
DA:105,0
DA:106,0
DA:107,0
DA:108,0
DA:109,0
DA:110,0
DA:111,0
DA:112,0
DA:115,0
DA:116,0
DA:117,0
DA:118,0
DA:121,0
DA:123,0
DA:124,0
DA:125,0
DA:127,0
DA:128,0
DA:129,0
DA:132,0
DA:133,0
DA:135,0
DA:136,0
DA:137,0
DA:138,0
DA:140,0
DA:142,0
DA:143,0
DA:144,0
DA:145,0
DA:147,0
DA:148,0
DA:149,0
DA:152,0
DA:153,0
DA:155,0
DA:156,0
DA:158,0
DA:162,0
DA:163,0
DA:167,0
DA:168,0
DA:169,0
DA:170,0
DA:182,0
DA:183,0
DA:187,0
DA:189,0
DA:206,0
DA:210,0
DA:211,0
DA:213,0
DA:217,0
DA:218,0
DA:221,0
DA:222,0
DA:223,0
DA:224,0
DA:227,0
DA:228,0
DA:229,0
DA:230,0
DA:233,0
DA:234,0
DA:235,0
DA:236,0
DA:239,0
DA:240,0
DA:241,0
DA:242,0
DA:243,0
DA:249,0
DA:250,0
DA:252,0
DA:254,0
DA:256,0
DA:257,0
DA:259,0
DA:263,0
DA:264,0
DA:282,0
DA:393,0
DA:403,0
DA:405,0
DA:408,0
DA:412,0
DA:417,0
DA:419,0
DA:422,0
DA:426,0
DA:447,0
DA:456,0
DA:464,0
DA:465,0
DA:470,0
DA:471,0
DA:472,0
DA:477,0
DA:479,0
DA:484,0
DA:493,0
DA:495,0
DA:507,0
DA:515,0
DA:518,0
DA:519,0
DA:520,0
DA:521,0
DA:522,0
DA:524,0
DA:528,0
DA:534,0
DA:542,0
DA:544,0
DA:556,0
DA:583,0
DA:584,0
DA:590,0
DA:602,0
DA:603,0
DA:604,0
DA:610,0
DA:611,0
DA:612,0
DA:620,0
DA:621,0
DA:622,0
DA:628,0
DA:634,0
DA:635,0
DA:636,0
LF:174
LH:0
BRDA:35,0,0,0
BRDA:35,0,1,0
BRDA:69,1,0,0
BRDA:69,1,1,0
BRDA:72,2,0,0
BRDA:72,2,1,0
BRDA:80,3,0,0
BRDA:80,3,1,0
BRDA:81,4,0,0
BRDA:81,4,1,0
BRDA:82,5,0,0
BRDA:82,5,1,0
BRDA:86,6,0,0
BRDA:86,6,1,0
BRDA:87,7,0,0
BRDA:87,7,1,0
BRDA:87,8,0,0
BRDA:87,8,1,0
BRDA:88,9,0,0
BRDA:88,9,1,0
BRDA:88,10,0,0
BRDA:88,10,1,0
BRDA:93,11,0,0
BRDA:93,11,1,0
BRDA:94,12,0,0
BRDA:94,12,1,0
BRDA:94,13,0,0
BRDA:94,13,1,0
BRDA:95,14,0,0
BRDA:95,14,1,0
BRDA:95,15,0,0
BRDA:95,15,1,0
BRDA:99,16,0,0
BRDA:99,16,1,0
BRDA:99,17,0,0
BRDA:99,17,1,0
BRDA:99,17,2,0
BRDA:106,18,0,0
BRDA:106,18,1,0
BRDA:109,19,0,0
BRDA:109,19,1,0
BRDA:110,20,0,0
BRDA:110,20,1,0
BRDA:112,21,0,0
BRDA:112,21,1,0
BRDA:115,22,0,0
BRDA:115,22,1,0
BRDA:116,23,0,0
BRDA:116,23,1,0
BRDA:117,24,0,0
BRDA:117,24,1,0
BRDA:125,25,0,0
BRDA:125,25,1,0
BRDA:128,26,0,0
BRDA:128,26,1,0
BRDA:133,27,0,0
BRDA:133,27,1,0
BRDA:135,28,0,0
BRDA:135,28,1,0
BRDA:136,29,0,0
BRDA:136,29,1,0
BRDA:136,30,0,0
BRDA:136,30,1,0
BRDA:137,31,0,0
BRDA:137,31,1,0
BRDA:137,32,0,0
BRDA:137,32,1,0
BRDA:140,33,0,0
BRDA:140,33,1,0
BRDA:142,34,0,0
BRDA:142,34,1,0
BRDA:143,35,0,0
BRDA:143,35,1,0
BRDA:143,36,0,0
BRDA:143,36,1,0
BRDA:144,37,0,0
BRDA:144,37,1,0
BRDA:144,38,0,0
BRDA:144,38,1,0
BRDA:147,39,0,0
BRDA:147,39,1,0
BRDA:148,40,0,0
BRDA:148,40,1,0
BRDA:148,41,0,0
BRDA:148,41,1,0
BRDA:148,41,2,0
BRDA:168,42,0,0
BRDA:168,42,1,0
BRDA:169,43,0,0
BRDA:169,43,1,0
BRDA:171,44,0,0
BRDA:171,44,1,0
BRDA:171,44,2,0
BRDA:172,45,0,0
BRDA:172,45,1,0
BRDA:173,46,0,0
BRDA:173,46,1,0
BRDA:174,47,0,0
BRDA:174,47,1,0
BRDA:175,48,0,0
BRDA:175,48,1,0
BRDA:176,49,0,0
BRDA:176,49,1,0
BRDA:177,50,0,0
BRDA:177,50,1,0
BRDA:178,51,0,0
BRDA:178,51,1,0
BRDA:179,52,0,0
BRDA:179,52,1,0
BRDA:180,53,0,0
BRDA:180,53,1,0
BRDA:182,54,0,0
BRDA:182,54,1,0
BRDA:182,55,0,0
BRDA:182,55,1,0
BRDA:182,56,0,0
BRDA:182,56,1,0
BRDA:182,57,0,0
BRDA:182,57,1,0
BRDA:183,58,0,0
BRDA:183,58,1,0
BRDA:183,59,0,0
BRDA:183,59,1,0
BRDA:183,60,0,0
BRDA:183,60,1,0
BRDA:183,61,0,0
BRDA:183,61,1,0
BRDA:184,62,0,0
BRDA:184,62,1,0
BRDA:185,63,0,0
BRDA:185,63,1,0
BRDA:187,64,0,0
BRDA:187,64,1,0
BRDA:190,65,0,0
BRDA:190,65,1,0
BRDA:210,66,0,0
BRDA:210,66,1,0
BRDA:210,67,0,0
BRDA:210,67,1,0
BRDA:210,67,2,0
BRDA:222,68,0,0
BRDA:222,68,1,0
BRDA:228,69,0,0
BRDA:228,69,1,0
BRDA:234,70,0,0
BRDA:234,70,1,0
BRDA:246,71,0,0
BRDA:246,71,1,0
BRDA:249,72,0,0
BRDA:249,72,1,0
BRDA:266,73,0,0
BRDA:266,73,1,0
BRDA:271,74,0,0
BRDA:271,74,1,0
BRDA:271,74,2,0
BRDA:271,74,3,0
BRDA:271,74,4,0
BRDA:448,75,0,0
BRDA:448,75,1,0
BRDA:449,76,0,0
BRDA:449,76,1,0
BRDA:450,77,0,0
BRDA:450,77,1,0
BRDA:457,78,0,0
BRDA:457,78,1,0
BRDA:458,79,0,0
BRDA:458,79,1,0
BRDA:460,80,0,0
BRDA:460,80,1,0
BRDA:461,81,0,0
BRDA:461,81,1,0
BRDA:464,82,0,0
BRDA:464,82,1,0
BRDA:471,83,0,0
BRDA:471,83,1,0
BRDA:492,84,0,0
BRDA:492,84,1,0
BRDA:493,85,0,0
BRDA:493,85,1,0
BRDA:496,86,0,0
BRDA:496,86,1,0
BRDA:499,87,0,0
BRDA:499,87,1,0
BRDA:500,88,0,0
BRDA:500,88,1,0
BRDA:500,89,0,0
BRDA:500,89,1,0
BRDA:502,90,0,0
BRDA:502,90,1,0
BRDA:507,91,0,0
BRDA:507,91,1,0
BRDA:514,92,0,0
BRDA:514,92,1,0
BRDA:528,93,0,0
BRDA:528,93,1,0
BRDA:528,94,0,0
BRDA:528,94,1,0
BRDA:528,95,0,0
BRDA:528,95,1,0
BRDA:528,96,0,0
BRDA:528,96,1,0
BRDA:528,96,2,0
BRDA:528,96,3,0
BRDA:530,97,0,0
BRDA:530,97,1,0
BRDA:530,97,2,0
BRDA:530,98,0,0
BRDA:530,98,1,0
BRDA:534,99,0,0
BRDA:534,99,1,0
BRDA:534,100,0,0
BRDA:534,100,1,0
BRDA:541,101,0,0
BRDA:541,101,1,0
BRDA:542,102,0,0
BRDA:542,102,1,0
BRDA:545,103,0,0
BRDA:545,103,1,0
BRDA:545,103,2,0
BRDA:548,104,0,0
BRDA:548,104,1,0
BRDA:549,105,0,0
BRDA:549,105,1,0
BRDA:549,106,0,0
BRDA:549,106,1,0
BRDA:551,107,0,0
BRDA:551,107,1,0
BRDA:556,108,0,0
BRDA:556,108,1,0
BRDA:556,108,2,0
BRDA:563,109,0,0
BRDA:563,109,1,0
BRDA:563,109,2,0
BRDA:563,110,0,0
BRDA:563,110,1,0
BRDA:563,111,0,0
BRDA:563,111,1,0
BRDA:592,112,0,0
BRDA:592,112,1,0
BRDA:604,113,0,0
BRDA:604,113,1,0
BRDA:604,114,0,0
BRDA:604,114,1,0
BRDA:612,115,0,0
BRDA:612,115,1,0
BRDA:612,116,0,0
BRDA:612,116,1,0
BRDA:622,117,0,0
BRDA:622,117,1,0
BRDA:622,118,0,0
BRDA:622,118,1,0
BRDA:631,119,0,0
BRDA:631,119,1,0
BRF:253
BRH:0
end_of_record
TN:
SF:src/components/NotificationMenu.js
FN:27,(anonymous_0)
FN:32,(anonymous_1)
FN:38,(anonymous_2)
FN:42,(anonymous_3)
FN:47,(anonymous_4)
FN:52,(anonymous_5)
FN:61,(anonymous_6)
FN:110,(anonymous_7)
FN:121,(anonymous_8)
FN:186,(anonymous_9)
FN:193,(anonymous_10)
FNF:11
FNH:0
FNDA:0,(anonymous_0)
FNDA:0,(anonymous_1)
FNDA:0,(anonymous_2)
FNDA:0,(anonymous_3)
FNDA:0,(anonymous_4)
FNDA:0,(anonymous_5)
FNDA:0,(anonymous_6)
FNDA:0,(anonymous_7)
FNDA:0,(anonymous_8)
FNDA:0,(anonymous_9)
FNDA:0,(anonymous_10)
DA:27,0
DA:28,0
DA:29,0
DA:30,0
DA:32,0
DA:33,0
DA:36,0
DA:38,0
DA:39,0
DA:42,0
DA:43,0
DA:44,0
DA:47,0
DA:48,0
DA:49,0
DA:52,0
DA:53,0
DA:54,0
DA:55,0
DA:56,0
DA:57,0
DA:61,0
DA:62,0
DA:64,0
DA:66,0
DA:68,0
DA:72,0
DA:111,0
DA:114,0
DA:118,0
DA:121,0
DA:186,0
DA:193,0
LF:33
LH:0
BRDA:30,0,0,0
BRDA:30,0,1,0
BRDA:54,1,0,0
BRDA:54,1,1,0
BRDA:56,2,0,0
BRDA:56,2,1,0
BRDA:62,3,0,0
BRDA:62,3,1,0
BRDA:62,3,2,0
BRDA:74,4,0,0
BRDA:74,4,1,0
BRDA:94,5,0,0
BRDA:94,5,1,0
BRDA:102,6,0,0
BRDA:102,6,1,0
BRDA:111,7,0,0
BRDA:111,7,1,0
BRDA:112,8,0,0
BRDA:112,8,1,0
BRDA:113,9,0,0
BRDA:113,9,1,0
BRDA:114,10,0,0
BRDA:114,10,1,0
BRDA:115,11,0,0
BRDA:115,11,1,0
BRDA:116,12,0,0
BRDA:116,12,1,0
BRF:27
BRH:0
end_of_record
TN:
SF:src/components/PartDialog.js
FN:23,PartDialog
FN:60,(anonymous_1)
FN:61,(anonymous_2)
FN:75,(anonymous_3)
FN:124,(anonymous_4)
FN:174,(anonymous_5)
FN:175,(anonymous_6)
FN:187,(anonymous_7)
FN:188,(anonymous_8)
FN:200,(anonymous_9)
FN:201,(anonymous_10)
FN:214,(anonymous_11)
FN:215,(anonymous_12)
FN:228,(anonymous_13)
FN:235,(anonymous_14)
FN:245,(anonymous_15)
FN:249,(anonymous_16)
FN:258,(anonymous_17)
FN:262,(anonymous_18)
FN:270,(anonymous_19)
FN:310,(anonymous_20)
FN:322,(anonymous_21)
FN:326,(anonymous_22)
FN:381,(anonymous_23)
FN:382,(anonymous_24)
FN:386,(anonymous_25)
FN:478,(anonymous_26)
FN:481,(anonymous_27)
FN:493,(anonymous_28)
FN:496,(anonymous_29)
FN:517,(anonymous_30)
FN:523,(anonymous_31)
FNF:32
FNH:0
FNDA:0,PartDialog
FNDA:0,(anonymous_1)
FNDA:0,(anonymous_2)
FNDA:0,(anonymous_3)
FNDA:0,(anonymous_4)
FNDA:0,(anonymous_5)
FNDA:0,(anonymous_6)
FNDA:0,(anonymous_7)
FNDA:0,(anonymous_8)
FNDA:0,(anonymous_9)
FNDA:0,(anonymous_10)
FNDA:0,(anonymous_11)
FNDA:0,(anonymous_12)
FNDA:0,(anonymous_13)
FNDA:0,(anonymous_14)
FNDA:0,(anonymous_15)
FNDA:0,(anonymous_16)
FNDA:0,(anonymous_17)
FNDA:0,(anonymous_18)
FNDA:0,(anonymous_19)
FNDA:0,(anonymous_20)
FNDA:0,(anonymous_21)
FNDA:0,(anonymous_22)
FNDA:0,(anonymous_23)
FNDA:0,(anonymous_24)
FNDA:0,(anonymous_25)
FNDA:0,(anonymous_26)
FNDA:0,(anonymous_27)
FNDA:0,(anonymous_28)
FNDA:0,(anonymous_29)
FNDA:0,(anonymous_30)
FNDA:0,(anonymous_31)
DA:24,0
DA:25,0
DA:26,0
DA:27,0
DA:41,0
DA:42,0
DA:43,0
DA:44,0
DA:45,0
DA:46,0
DA:47,0
DA:48,0
DA:49,0
DA:50,0
DA:53,0
DA:57,0
DA:60,0
DA:61,0
DA:62,0
DA:63,0
DA:64,0
DA:65,0
DA:67,0
DA:68,0
DA:71,0
DA:75,0
DA:76,0
DA:77,0
DA:79,0
DA:80,0
DA:94,0
DA:95,0
DA:96,0
DA:99,0
DA:100,0
DA:101,0
DA:102,0
DA:103,0
DA:117,0
DA:118,0
DA:120,0
DA:124,0
DA:125,0
DA:126,0
DA:127,0
DA:128,0
DA:142,0
DA:143,0
DA:144,0
DA:145,0
DA:147,0
DA:148,0
DA:149,0
DA:163,0
DA:164,0
DA:165,0
DA:166,0
DA:170,0
DA:171,0
DA:174,0
DA:175,0
DA:176,0
DA:177,0
DA:178,0
DA:179,0
DA:181,0
DA:184,0
DA:187,0
DA:188,0
DA:189,0
DA:190,0
DA:191,0
DA:192,0
DA:194,0
DA:197,0
DA:200,0
DA:201,0
DA:202,0
DA:203,0
DA:204,0
DA:205,0
DA:207,0
DA:208,0
DA:211,0
DA:214,0
DA:215,0
DA:216,0
DA:217,0
DA:218,0
DA:219,0
DA:221,0
DA:222,0
DA:225,0
DA:228,0
DA:229,0
DA:235,0
DA:236,0
DA:237,0
DA:238,0
DA:239,0
DA:240,0
DA:241,0
DA:242,0
DA:243,0
DA:244,0
DA:245,0
DA:249,0
DA:250,0
DA:251,0
DA:252,0
DA:253,0
DA:254,0
DA:255,0
DA:256,0
DA:257,0
DA:258,0
DA:262,0
DA:263,0
DA:264,0
DA:266,0
DA:267,0
DA:268,0
DA:269,0
DA:270,0
DA:271,0
DA:272,0
DA:274,0
DA:275,0
DA:278,0
DA:293,0
DA:295,0
DA:296,0
DA:297,0
DA:299,0
DA:301,0
DA:303,0
DA:305,0
DA:309,0
DA:310,0
DA:322,0
DA:327,0
DA:382,0
DA:387,0
DA:478,0
DA:482,0
DA:493,0
DA:497,0
DA:517,0
DA:523,0
LF:149
LH:0
BRDA:53,0,0,0
BRDA:53,0,1,0
BRDA:57,1,0,0
BRDA:57,1,1,0
BRDA:57,1,2,0
BRDA:62,2,0,0
BRDA:62,2,1,0
BRDA:62,3,0,0
BRDA:62,3,1,0
BRDA:62,3,2,0
BRDA:65,4,0,0
BRDA:65,4,1,0
BRDA:77,5,0,0
BRDA:77,5,1,0
BRDA:104,6,0,0
BRDA:104,6,1,0
BRDA:105,7,0,0
BRDA:105,7,1,0
BRDA:106,8,0,0
BRDA:106,8,1,0
BRDA:107,9,0,0
BRDA:107,9,1,0
BRDA:107,9,2,0
BRDA:108,10,0,0
BRDA:108,10,1,0
BRDA:108,10,2,0
BRDA:109,11,0,0
BRDA:109,11,1,0
BRDA:110,12,0,0
BRDA:110,12,1,0
BRDA:111,13,0,0
BRDA:111,13,1,0
BRDA:112,14,0,0
BRDA:112,14,1,0
BRDA:113,15,0,0
BRDA:113,15,1,0
BRDA:114,16,0,0
BRDA:114,16,1,0
BRDA:115,17,0,0
BRDA:115,17,1,0
BRDA:117,18,0,0
BRDA:117,18,1,0
BRDA:118,19,0,0
BRDA:118,19,1,0
BRDA:125,20,0,0
BRDA:125,20,1,0
BRDA:129,21,0,0
BRDA:129,21,1,0
BRDA:130,22,0,0
BRDA:130,22,1,0
BRDA:131,23,0,0
BRDA:131,23,1,0
BRDA:132,24,0,0
BRDA:132,24,1,0
BRDA:132,24,2,0
BRDA:133,25,0,0
BRDA:133,25,1,0
BRDA:133,25,2,0
BRDA:134,26,0,0
BRDA:134,26,1,0
BRDA:135,27,0,0
BRDA:135,27,1,0
BRDA:136,28,0,0
BRDA:136,28,1,0
BRDA:137,29,0,0
BRDA:137,29,1,0
BRDA:138,30,0,0
BRDA:138,30,1,0
BRDA:139,31,0,0
BRDA:139,31,1,0
BRDA:140,32,0,0
BRDA:140,32,1,0
BRDA:142,33,0,0
BRDA:142,33,1,0
BRDA:143,34,0,0
BRDA:143,34,1,0
BRDA:144,35,0,0
BRDA:144,35,1,0
BRDA:145,36,0,0
BRDA:145,36,1,0
BRDA:176,37,0,0
BRDA:176,37,1,0
BRDA:179,38,0,0
BRDA:179,38,1,0
BRDA:184,39,0,0
BRDA:184,39,1,0
BRDA:190,40,0,0
BRDA:190,40,1,0
BRDA:192,41,0,0
BRDA:192,41,1,0
BRDA:197,42,0,0
BRDA:197,42,1,0
BRDA:202,43,0,0
BRDA:202,43,1,0
BRDA:205,44,0,0
BRDA:205,44,1,0
BRDA:211,45,0,0
BRDA:211,45,1,0
BRDA:216,46,0,0
BRDA:216,46,1,0
BRDA:219,47,0,0
BRDA:219,47,1,0
BRDA:225,48,0,0
BRDA:225,48,1,0
BRDA:238,49,0,0
BRDA:238,49,1,0
BRDA:239,50,0,0
BRDA:239,50,1,0
BRDA:240,51,0,0
BRDA:240,51,1,0
BRDA:241,52,0,0
BRDA:241,52,1,0
BRDA:242,53,0,0
BRDA:242,53,1,0
BRDA:243,54,0,0
BRDA:243,54,1,0
BRDA:244,55,0,0
BRDA:244,55,1,0
BRDA:252,56,0,0
BRDA:252,56,1,0
BRDA:253,57,0,0
BRDA:253,57,1,0
BRDA:254,58,0,0
BRDA:254,58,1,0
BRDA:255,59,0,0
BRDA:255,59,1,0
BRDA:256,60,0,0
BRDA:256,60,1,0
BRDA:257,61,0,0
BRDA:257,61,1,0
BRDA:267,62,0,0
BRDA:267,62,1,0
BRDA:268,63,0,0
BRDA:268,63,1,0
BRDA:268,64,0,0
BRDA:268,64,1,0
BRDA:271,65,0,0
BRDA:271,65,1,0
BRDA:271,66,0,0
BRDA:271,66,1,0
BRDA:271,66,2,0
BRDA:275,67,0,0
BRDA:275,67,1,0
BRDA:285,68,0,0
BRDA:285,68,1,0
BRDA:293,69,0,0
BRDA:293,69,1,0
BRDA:293,70,0,0
BRDA:293,70,1,0
BRDA:296,71,0,0
BRDA:296,71,1,0
BRDA:296,72,0,0
BRDA:296,72,1,0
BRDA:314,73,0,0
BRDA:314,73,1,0
BRDA:316,74,0,0
BRDA:316,74,1,0
BRDA:316,74,2,0
BRDA:328,75,0,0
BRDA:328,75,1,0
BRDA:328,76,0,0
BRDA:328,76,1,0
BRDA:328,77,0,0
BRDA:328,77,1,0
BRDA:380,78,0,0
BRDA:380,78,1,0
BRDA:400,79,0,0
BRDA:400,79,1,0
BRDA:412,80,0,0
BRDA:412,80,1,0
BRDA:477,81,0,0
BRDA:477,81,1,0
BRDA:482,82,0,0
BRDA:482,82,1,0
BRDA:482,83,0,0
BRDA:482,83,1,0
BRDA:492,84,0,0
BRDA:492,84,1,0
BRDA:497,85,0,0
BRDA:497,85,1,0
BRDA:497,86,0,0
BRDA:497,86,1,0
BRDA:527,87,0,0
BRDA:527,87,1,0
BRF:184
BRH:0
end_of_record
TN:
SF:src/components/PasswordChangeDialog.js
FN:22,PasswordChangeDialog
FN:34,(anonymous_1)
FN:71,(anonymous_2)
FN:78,(anonymous_3)
FN:85,(anonymous_4)
FNF:5
FNH:0
FNDA:0,PasswordChangeDialog
FNDA:0,(anonymous_1)
FNDA:0,(anonymous_2)
FNDA:0,(anonymous_3)
FNDA:0,(anonymous_4)
DA:23,0
DA:24,0
DA:25,0
DA:30,0
DA:31,0
DA:33,0
DA:34,0
DA:35,0
DA:36,0
DA:44,0
DA:45,0
DA:47,0
DA:48,0
DA:49,0
DA:50,0
DA:51,0
DA:54,0
DA:55,0
DA:69,0
DA:71,0
DA:72,0
DA:73,0
DA:74,0
DA:78,0
DA:79,0
DA:85,0
DA:86,0
DA:87,0
DA:89,0
DA:90,0
DA:91,0
DA:94,0
DA:95,0
DA:96,0
DA:99,0
DA:101,0
DA:102,0
DA:108,0
DA:109,0
DA:111,0
DA:113,0
DA:117,0
LF:42
LH:0
BRDA:22,0,0,0
BRDA:35,1,0,0
BRDA:35,1,1,0
BRDA:45,2,0,0
BRDA:45,2,1,0
BRDA:55,3,0,0
BRDA:55,3,1,0
BRDA:57,4,0,0
BRDA:57,4,1,0
BRDA:58,5,0,0
BRDA:58,5,1,0
BRDA:59,6,0,0
BRDA:59,6,1,0
BRDA:60,7,0,0
BRDA:60,7,1,0
BRDA:69,8,0,0
BRDA:69,8,1,0
BRDA:72,9,0,0
BRDA:72,9,1,0
BRDA:89,10,0,0
BRDA:89,10,1,0
BRDA:94,11,0,0
BRDA:94,11,1,0
BRDA:95,12,0,0
BRDA:95,12,1,0
BRDA:111,13,0,0
BRDA:111,13,1,0
BRDA:120,14,0,0
BRDA:120,14,1,0
BRDA:125,15,0,0
BRDA:125,15,1,0
BRDA:129,16,0,0
BRDA:129,16,1,0
BRDA:137,17,0,0
BRDA:137,17,1,0
BRDA:175,18,0,0
BRDA:175,18,1,0
BRDA:175,19,0,0
BRDA:175,19,1,0
BRDA:178,20,0,0
BRDA:178,20,1,0
BRDA:184,21,0,0
BRDA:184,21,1,0
BRDA:187,22,0,0
BRDA:187,22,1,0
BRDA:187,23,0,0
BRDA:187,23,1,0
BRDA:190,24,0,0
BRDA:190,24,1,0
BRDA:199,25,0,0
BRDA:199,25,1,0
BRDA:199,26,0,0
BRDA:199,26,1,0
BRDA:202,27,0,0
BRDA:202,27,1,0
BRDA:211,28,0,0
BRDA:211,28,1,0
BRDA:211,29,0,0
BRDA:211,29,1,0
BRDA:214,30,0,0
BRDA:214,30,1,0
BRDA:223,31,0,0
BRDA:223,31,1,0
BRDA:223,32,0,0
BRDA:223,32,1,0
BRDA:226,33,0,0
BRDA:226,33,1,0
BRDA:240,34,0,0
BRDA:240,34,1,0
BRDA:242,35,0,0
BRDA:242,35,1,0
BRDA:246,36,0,0
BRDA:246,36,1,0
BRF:73
BRH:0
end_of_record
TN:
SF:src/components/PolicyDialog.js
FN:26,(anonymous_0)
FN:52,(anonymous_1)
FN:68,(anonymous_2)
FN:90,(anonymous_3)
FN:91,(anonymous_4)
FN:121,(anonymous_5)
FN:122,(anonymous_6)
FN:125,(anonymous_7)
FN:165,(anonymous_8)
FN:186,(anonymous_9)
FN:212,(anonymous_10)
FN:212,(anonymous_11)
FN:224,(anonymous_12)
FN:228,(anonymous_13)
FN:229,(anonymous_14)
FN:229,(anonymous_15)
FN:229,(anonymous_16)
FN:230,(anonymous_17)
FN:230,(anonymous_18)
FN:233,(anonymous_19)
FN:243,(anonymous_20)
FN:245,(anonymous_21)
FN:245,(anonymous_22)
FN:253,(anonymous_23)
FNF:24
FNH:0
FNDA:0,(anonymous_0)
FNDA:0,(anonymous_1)
FNDA:0,(anonymous_2)
FNDA:0,(anonymous_3)
FNDA:0,(anonymous_4)
FNDA:0,(anonymous_5)
FNDA:0,(anonymous_6)
FNDA:0,(anonymous_7)
FNDA:0,(anonymous_8)
FNDA:0,(anonymous_9)
FNDA:0,(anonymous_10)
FNDA:0,(anonymous_11)
FNDA:0,(anonymous_12)
FNDA:0,(anonymous_13)
FNDA:0,(anonymous_14)
FNDA:0,(anonymous_15)
FNDA:0,(anonymous_16)
FNDA:0,(anonymous_17)
FNDA:0,(anonymous_18)
FNDA:0,(anonymous_19)
FNDA:0,(anonymous_20)
FNDA:0,(anonymous_21)
FNDA:0,(anonymous_22)
FNDA:0,(anonymous_23)
DA:26,0
DA:27,0
DA:41,0
DA:42,0
DA:43,0
DA:44,0
DA:46,0
DA:52,0
DA:53,0
DA:54,0
DA:56,0
DA:68,0
DA:72,0
DA:89,0
DA:90,0
DA:91,0
DA:95,0
DA:96,0
DA:110,0
DA:112,0
DA:116,0
DA:121,0
DA:122,0
DA:125,0
DA:126,0
DA:127,0
DA:128,0
DA:130,0
DA:146,0
DA:147,0
DA:150,0
DA:151,0
DA:153,0
DA:155,0
DA:157,0
DA:158,0
DA:160,0
DA:164,0
DA:165,0
DA:187,0
DA:212,0
DA:225,0
DA:226,0
DA:228,0
DA:229,0
DA:230,0
DA:231,0
DA:234,0
DA:245,0
DA:246,0
DA:253,0
LF:51
LH:0
BRDA:53,0,0,0
BRDA:53,0,1,0
BRDA:54,1,0,0
BRDA:54,1,1,0
BRDA:57,2,0,0
BRDA:57,2,1,0
BRDA:58,3,0,0
BRDA:58,3,1,0
BRDA:59,4,0,0
BRDA:59,4,1,0
BRDA:60,5,0,0
BRDA:60,5,1,0
BRDA:61,6,0,0
BRDA:61,6,1,0
BRDA:62,7,0,0
BRDA:62,7,1,0
BRDA:63,8,0,0
BRDA:63,8,1,0
BRDA:64,9,0,0
BRDA:64,9,1,0
BRDA:65,10,0,0
BRDA:65,10,1,0
BRDA:66,11,0,0
BRDA:66,11,1,0
BRDA:68,12,0,0
BRDA:68,12,1,0
BRDA:89,13,0,0
BRDA:89,13,1,0
BRDA:89,14,0,0
BRDA:89,14,1,0
BRDA:89,14,2,0
BRDA:91,15,0,0
BRDA:91,15,1,0
BRDA:91,15,2,0
BRDA:95,16,0,0
BRDA:95,16,1,0
BRDA:97,17,0,0
BRDA:97,17,1,0
BRDA:98,18,0,0
BRDA:98,18,1,0
BRDA:99,19,0,0
BRDA:99,19,1,0
BRDA:100,20,0,0
BRDA:100,20,1,0
BRDA:101,21,0,0
BRDA:101,21,1,0
BRDA:102,22,0,0
BRDA:102,22,1,0
BRDA:103,23,0,0
BRDA:103,23,1,0
BRDA:104,24,0,0
BRDA:104,24,1,0
BRDA:105,25,0,0
BRDA:105,25,1,0
BRDA:106,26,0,0
BRDA:106,26,1,0
BRDA:110,27,0,0
BRDA:110,27,1,0
BRDA:134,28,0,0
BRDA:134,28,1,0
BRDA:135,29,0,0
BRDA:135,29,1,0
BRDA:136,30,0,0
BRDA:136,30,1,0
BRDA:137,31,0,0
BRDA:137,31,1,0
BRDA:138,32,0,0
BRDA:138,32,1,0
BRDA:140,33,0,0
BRDA:140,33,1,0
BRDA:141,34,0,0
BRDA:141,34,1,0
BRDA:142,35,0,0
BRDA:142,35,1,0
BRDA:146,36,0,0
BRDA:146,36,1,0
BRDA:146,37,0,0
BRDA:146,37,1,0
BRDA:150,38,0,0
BRDA:150,38,1,0
BRDA:150,39,0,0
BRDA:150,39,1,0
BRDA:166,40,0,0
BRDA:166,40,1,0
BRDA:218,41,0,0
BRDA:218,41,1,0
BRDA:225,42,0,0
BRDA:225,42,1,0
BRDA:225,43,0,0
BRDA:225,43,1,0
BRDA:226,44,0,0
BRDA:226,44,1,0
BRDA:231,45,0,0
BRDA:231,45,1,0
BRDA:231,46,0,0
BRDA:231,46,1,0
BRDA:231,47,0,0
BRDA:231,47,1,0
BRDA:245,48,0,0
BRDA:245,48,1,0
BRDA:255,49,0,0
BRDA:255,49,1,0
BRF:102
BRH:0
end_of_record
TN:
SF:src/components/PreferencesDialog.js
FN:22,(anonymous_0)
FN:33,(anonymous_1)
FN:35,(anonymous_2)
FN:77,(anonymous_3)
FN:80,(anonymous_4)
FN:118,(anonymous_5)
FN:171,(anonymous_6)
FN:174,(anonymous_7)
FN:192,(anonymous_8)
FN:194,(anonymous_9)
FN:195,(anonymous_10)
FN:205,(anonymous_11)
FN:220,(anonymous_12)
FN:223,(anonymous_13)
FNF:14
FNH:0
FNDA:0,(anonymous_0)
FNDA:0,(anonymous_1)
FNDA:0,(anonymous_2)
FNDA:0,(anonymous_3)
FNDA:0,(anonymous_4)
FNDA:0,(anonymous_5)
FNDA:0,(anonymous_6)
FNDA:0,(anonymous_7)
FNDA:0,(anonymous_8)
FNDA:0,(anonymous_9)
FNDA:0,(anonymous_10)
FNDA:0,(anonymous_11)
FNDA:0,(anonymous_12)
FNDA:0,(anonymous_13)
DA:22,0
DA:23,0
DA:24,0
DA:25,0
DA:26,0
DA:27,0
DA:28,0
DA:29,0
DA:30,0
DA:31,0
DA:33,0
DA:34,0
DA:35,0
DA:36,0
DA:39,0
DA:40,0
DA:41,0
DA:43,0
DA:47,0
DA:48,0
DA:50,0
DA:52,0
DA:53,0
DA:58,0
DA:59,0
DA:60,0
DA:61,0
DA:62,0
DA:63,0
DA:70,0
DA:71,0
DA:72,0
DA:77,0
DA:80,0
DA:81,0
DA:82,0
DA:83,0
DA:85,0
DA:87,0
DA:88,0
DA:89,0
DA:90,0
DA:91,0
DA:92,0
DA:93,0
DA:95,0
DA:98,0
DA:99,0
DA:103,0
DA:105,0
DA:109,0
DA:115,0
DA:117,0
DA:118,0
DA:119,0
DA:120,0
DA:123,0
DA:125,0
DA:129,0
DA:141,0
DA:146,0
DA:171,0
DA:175,0
DA:192,0
DA:195,0
DA:196,0
DA:197,0
DA:206,0
DA:220,0
DA:224,0
LF:70
LH:0
BRDA:36,0,0,0
BRDA:36,0,1,0
BRDA:41,1,0,0
BRDA:41,1,1,0
BRDA:43,2,0,0
BRDA:43,2,1,0
BRDA:47,3,0,0
BRDA:47,3,1,0
BRDA:48,4,0,0
BRDA:48,4,1,0
BRDA:53,5,0,0
BRDA:53,5,1,0
BRDA:53,6,0,0
BRDA:53,6,1,0
BRDA:61,7,0,0
BRDA:61,7,1,0
BRDA:61,8,0,0
BRDA:61,8,1,0
BRDA:72,9,0,0
BRDA:72,9,1,0
BRDA:87,10,0,0
BRDA:87,10,1,0
BRDA:91,11,0,0
BRDA:91,11,1,0
BRDA:98,12,0,0
BRDA:98,12,1,0
BRDA:123,13,0,0
BRDA:123,13,1,0
BRDA:151,14,0,0
BRDA:151,14,1,0
BRDA:157,15,0,0
BRDA:157,15,1,0
BRDA:189,16,0,0
BRDA:189,16,1,0
BRDA:193,17,0,0
BRDA:193,17,1,0
BRDA:196,18,0,0
BRDA:196,18,1,0
BRDA:199,19,0,0
BRDA:199,19,1,0
BRDA:208,20,0,0
BRDA:208,20,1,0
BRDA:237,21,0,0
BRDA:237,21,1,0
BRF:44
BRH:0
end_of_record
TN:
SF:src/components/ReceiptUpload.js
FN:28,ReceiptUpload
FN:45,(anonymous_1)
FN:84,(anonymous_2)
FN:92,(anonymous_3)
FN:99,(anonymous_4)
FN:105,(anonymous_5)
FN:112,(anonymous_6)
FN:113,(anonymous_7)
FN:130,(anonymous_8)
FN:141,(anonymous_9)
FN:147,(anonymous_10)
FN:151,(anonymous_11)
FN:173,(anonymous_12)
FN:239,(anonymous_13)
FN:240,(anonymous_14)
FN:247,(anonymous_15)
FN:256,(anonymous_16)
FN:299,(anonymous_17)
FN:304,(anonymous_18)
FN:319,(anonymous_19)
FN:349,(anonymous_20)
FN:356,(anonymous_21)
FNF:22
FNH:0
FNDA:0,ReceiptUpload
FNDA:0,(anonymous_1)
FNDA:0,(anonymous_2)
FNDA:0,(anonymous_3)
FNDA:0,(anonymous_4)
FNDA:0,(anonymous_5)
FNDA:0,(anonymous_6)
FNDA:0,(anonymous_7)
FNDA:0,(anonymous_8)
FNDA:0,(anonymous_9)
FNDA:0,(anonymous_10)
FNDA:0,(anonymous_11)
FNDA:0,(anonymous_12)
FNDA:0,(anonymous_13)
FNDA:0,(anonymous_14)
FNDA:0,(anonymous_15)
FNDA:0,(anonymous_16)
FNDA:0,(anonymous_17)
FNDA:0,(anonymous_18)
FNDA:0,(anonymous_19)
FNDA:0,(anonymous_20)
FNDA:0,(anonymous_21)
DA:34,0
DA:35,0
DA:36,0
DA:37,0
DA:38,0
DA:39,0
DA:40,0
DA:41,0
DA:42,0
DA:43,0
DA:45,0
DA:46,0
DA:48,0
DA:49,0
DA:50,0
DA:51,0
DA:52,0
DA:53,0
DA:54,0
DA:57,0
DA:61,0
DA:64,0
DA:65,0
DA:66,0
DA:69,0
DA:71,0
DA:72,0
DA:75,0
DA:77,0
DA:78,0
DA:79,0
DA:80,0
DA:84,0
DA:85,0
DA:86,0
DA:87,0
DA:88,0
DA:92,0
DA:93,0
DA:94,0
DA:95,0
DA:99,0
DA:100,0
DA:101,0
DA:105,0
DA:106,0
DA:107,0
DA:110,0
DA:112,0
DA:113,0
DA:114,0
DA:115,0
DA:116,0
DA:119,0
DA:121,0
DA:124,0
DA:127,0
DA:130,0
DA:131,0
DA:132,0
DA:133,0
DA:134,0
DA:136,0
DA:141,0
DA:142,0
DA:143,0
DA:147,0
DA:148,0
DA:151,0
DA:152,0
DA:154,0
DA:155,0
DA:156,0
DA:159,0
DA:160,0
DA:163,0
DA:164,0
DA:165,0
DA:167,0
DA:173,0
DA:174,0
DA:176,0
DA:177,0
DA:181,0
DA:184,0
DA:185,0
DA:187,0
DA:191,0
DA:239,0
DA:240,0
DA:247,0
DA:256,0
DA:299,0
DA:304,0
DA:319,0
DA:349,0
DA:356,0
LF:97
LH:0
BRDA:46,0,0,0
BRDA:46,0,1,0
BRDA:53,1,0,0
BRDA:53,1,1,0
BRDA:86,2,0,0
BRDA:86,2,1,0
BRDA:94,3,0,0
BRDA:94,3,1,0
BRDA:100,4,0,0
BRDA:100,4,1,0
BRDA:114,5,0,0
BRDA:114,5,1,0
BRDA:131,6,0,0
BRDA:131,6,1,0
BRDA:142,7,0,0
BRDA:142,7,1,0
BRDA:152,8,0,0
BRDA:152,8,1,0
BRDA:154,9,0,0
BRDA:154,9,1,0
BRDA:155,10,0,0
BRDA:155,10,1,0
BRDA:164,11,0,0
BRDA:164,11,1,0
BRDA:174,12,0,0
BRDA:174,12,1,0
BRDA:193,13,0,0
BRDA:193,13,1,0
BRDA:198,14,0,0
BRDA:198,14,1,0
BRDA:198,15,0,0
BRDA:198,15,1,0
BRDA:205,16,0,0
BRDA:205,16,1,0
BRDA:205,17,0,0
BRDA:205,17,1,0
BRDA:210,18,0,0
BRDA:210,18,1,0
BRDA:221,19,0,0
BRDA:221,19,1,0
BRDA:221,19,2,0
BRDA:223,20,0,0
BRDA:223,20,1,0
BRDA:223,21,0,0
BRDA:223,21,1,0
BRDA:227,22,0,0
BRDA:227,22,1,0
BRDA:230,23,0,0
BRDA:230,23,1,0
BRDA:248,24,0,0
BRDA:248,24,1,0
BRDA:257,25,0,0
BRDA:257,25,1,0
BRDA:266,26,0,0
BRDA:266,26,1,0
BRDA:266,27,0,0
BRDA:266,27,1,0
BRDA:292,28,0,0
BRDA:292,28,1,0
BRDA:325,29,0,0
BRDA:325,29,1,0
BRDA:334,30,0,0
BRDA:334,30,1,0
BRDA:336,31,0,0
BRDA:336,31,1,0
BRDA:337,32,0,0
BRDA:337,32,1,0
BRF:67
BRH:0
end_of_record
TN:
SF:src/components/RoadTaxDialog.js
FN:22,(anonymous_0)
FN:35,(anonymous_1)
FN:59,(anonymous_2)
FN:63,(anonymous_3)
FN:87,(anonymous_4)
FN:102,(anonymous_5)
FN:139,(anonymous_6)
FN:171,(anonymous_7)
FNF:8
FNH:0
FNDA:0,(anonymous_0)
FNDA:0,(anonymous_1)
FNDA:0,(anonymous_2)
FNDA:0,(anonymous_3)
FNDA:0,(anonymous_4)
FNDA:0,(anonymous_5)
FNDA:0,(anonymous_6)
FNDA:0,(anonymous_7)
DA:22,0
DA:23,0
DA:31,0
DA:32,0
DA:33,0
DA:35,0
DA:36,0
DA:37,0
DA:38,0
DA:47,0
DA:59,0
DA:60,0
DA:63,0
DA:64,0
DA:65,0
DA:66,0
DA:67,0
DA:72,0
DA:73,0
DA:75,0
DA:77,0
DA:79,0
DA:80,0
DA:82,0
DA:86,0
DA:87,0
DA:103,0
DA:139,0
DA:171,0
LF:29
LH:0
BRDA:24,0,0,0
BRDA:24,0,1,0
BRDA:36,1,0,0
BRDA:36,1,1,0
BRDA:37,2,0,0
BRDA:37,2,1,0
BRDA:39,3,0,0
BRDA:39,3,1,0
BRDA:39,3,2,0
BRDA:40,4,0,0
BRDA:40,4,1,0
BRDA:41,5,0,0
BRDA:41,5,1,0
BRDA:42,6,0,0
BRDA:42,6,1,0
BRDA:43,7,0,0
BRDA:43,7,1,0
BRDA:44,8,0,0
BRDA:44,8,1,0
BRDA:48,9,0,0
BRDA:48,9,1,0
BRDA:70,10,0,0
BRDA:70,10,1,0
BRDA:72,11,0,0
BRDA:72,11,1,0
BRDA:88,12,0,0
BRDA:88,12,1,0
BRDA:92,13,0,0
BRDA:92,13,1,0
BRDA:92,13,2,0
BRDA:92,13,3,0
BRDA:92,13,4,0
BRDA:139,14,0,0
BRDA:139,14,1,0
BRDA:173,15,0,0
BRDA:173,15,1,0
BRF:36
BRH:0
end_of_record
TN:
SF:src/components/ServiceDialog.js
FN:28,(anonymous_0)
FN:51,(anonymous_1)
FN:59,(anonymous_2)
FN:91,(anonymous_3)
FN:93,(anonymous_4)
FN:103,(anonymous_5)
FN:107,(anonymous_6)
FN:113,(anonymous_7)
FN:128,(anonymous_8)
FN:148,(anonymous_9)
FN:154,(anonymous_10)
FN:176,(anonymous_11)
FN:213,(anonymous_12)
FN:221,(anonymous_13)
FN:255,(anonymous_14)
FN:301,(anonymous_15)
FN:302,(anonymous_16)
FN:303,(anonymous_17)
FN:314,(anonymous_18)
FN:361,(anonymous_19)
FN:362,(anonymous_20)
FN:363,(anonymous_21)
FN:375,(anonymous_22)
FN:377,(anonymous_23)
FN:377,(anonymous_24)
FN:378,(anonymous_25)
FN:378,(anonymous_26)
FN:380,(anonymous_27)
FN:390,(anonymous_28)
FN:393,(anonymous_29)
FN:395,(anonymous_30)
FN:401,(anonymous_31)
FN:412,(anonymous_32)
FN:416,(anonymous_33)
FN:423,(anonymous_34)
FN:432,(anonymous_35)
FN:432,(anonymous_36)
FN:433,(anonymous_37)
FN:433,(anonymous_38)
FN:439,(anonymous_39)
FN:440,(anonymous_40)
FN:472,(anonymous_41)
FN:555,(anonymous_42)
FN:566,(anonymous_43)
FN:581,(anonymous_44)
FN:630,(anonymous_45)
FN:633,(anonymous_46)
FN:651,(anonymous_47)
FN:719,(anonymous_48)
FN:722,(anonymous_49)
FN:754,(anonymous_50)
FN:760,(anonymous_51)
FN:768,(anonymous_52)
FN:782,(anonymous_53)
FN:794,(anonymous_54)
FN:809,(anonymous_55)
FN:820,(anonymous_56)
FN:826,(anonymous_57)
FN:827,(anonymous_58)
FN:828,(anonymous_59)
FN:833,(anonymous_60)
FN:835,(anonymous_61)
FN:842,(anonymous_62)
FNF:63
FNH:0
FNDA:0,(anonymous_0)
FNDA:0,(anonymous_1)
FNDA:0,(anonymous_2)
FNDA:0,(anonymous_3)
FNDA:0,(anonymous_4)
FNDA:0,(anonymous_5)
FNDA:0,(anonymous_6)
FNDA:0,(anonymous_7)
FNDA:0,(anonymous_8)
FNDA:0,(anonymous_9)
FNDA:0,(anonymous_10)
FNDA:0,(anonymous_11)
FNDA:0,(anonymous_12)
FNDA:0,(anonymous_13)
FNDA:0,(anonymous_14)
FNDA:0,(anonymous_15)
FNDA:0,(anonymous_16)
FNDA:0,(anonymous_17)
FNDA:0,(anonymous_18)
FNDA:0,(anonymous_19)
FNDA:0,(anonymous_20)
FNDA:0,(anonymous_21)
FNDA:0,(anonymous_22)
FNDA:0,(anonymous_23)
FNDA:0,(anonymous_24)
FNDA:0,(anonymous_25)
FNDA:0,(anonymous_26)
FNDA:0,(anonymous_27)
FNDA:0,(anonymous_28)
FNDA:0,(anonymous_29)
FNDA:0,(anonymous_30)
FNDA:0,(anonymous_31)
FNDA:0,(anonymous_32)
FNDA:0,(anonymous_33)
FNDA:0,(anonymous_34)
FNDA:0,(anonymous_35)
FNDA:0,(anonymous_36)
FNDA:0,(anonymous_37)
FNDA:0,(anonymous_38)
FNDA:0,(anonymous_39)
FNDA:0,(anonymous_40)
FNDA:0,(anonymous_41)
FNDA:0,(anonymous_42)
FNDA:0,(anonymous_43)
FNDA:0,(anonymous_44)
FNDA:0,(anonymous_45)
FNDA:0,(anonymous_46)
FNDA:0,(anonymous_47)
FNDA:0,(anonymous_48)
FNDA:0,(anonymous_49)
FNDA:0,(anonymous_50)
FNDA:0,(anonymous_51)
FNDA:0,(anonymous_52)
FNDA:0,(anonymous_53)
FNDA:0,(anonymous_54)
FNDA:0,(anonymous_55)
FNDA:0,(anonymous_56)
FNDA:0,(anonymous_57)
FNDA:0,(anonymous_58)
FNDA:0,(anonymous_59)
FNDA:0,(anonymous_60)
FNDA:0,(anonymous_61)
FNDA:0,(anonymous_62)
DA:28,0
DA:29,0
DA:43,0
DA:44,0
DA:45,0
DA:46,0
DA:47,0
DA:48,0
DA:49,0
DA:51,0
DA:52,0
DA:53,0
DA:54,0
DA:59,0
DA:68,0
DA:69,0
DA:71,0
DA:85,0
DA:86,0
DA:91,0
DA:92,0
DA:93,0
DA:94,0
DA:95,0
DA:96,0
DA:98,0
DA:103,0
DA:104,0
DA:107,0
DA:108,0
DA:109,0
DA:110,0
DA:113,0
DA:114,0
DA:119,0
DA:120,0
DA:121,0
DA:122,0
DA:123,0
DA:124,0
DA:125,0
DA:126,0
DA:127,0
DA:128,0
DA:129,0
DA:133,0
DA:134,0
DA:135,0
DA:136,0
DA:137,0
DA:138,0
DA:139,0
DA:140,0
DA:141,0
DA:142,0
DA:143,0
DA:144,0
DA:148,0
DA:149,0
DA:150,0
DA:151,0
DA:152,0
DA:154,0
DA:155,0
DA:156,0
DA:157,0
DA:158,0
DA:159,0
DA:160,0
DA:168,0
DA:169,0
DA:170,0
DA:176,0
DA:177,0
DA:178,0
DA:179,0
DA:180,0
DA:181,0
DA:182,0
DA:183,0
DA:184,0
DA:185,0
DA:187,0
DA:188,0
DA:191,0
DA:193,0
DA:194,0
DA:195,0
DA:196,0
DA:197,0
DA:198,0
DA:199,0
DA:201,0
DA:202,0
DA:205,0
DA:207,0
DA:208,0
DA:209,0
DA:213,0
DA:214,0
DA:215,0
DA:216,0
DA:217,0
DA:218,0
DA:221,0
DA:222,0
DA:223,0
DA:224,0
DA:227,0
DA:230,0
DA:231,0
DA:234,0
DA:235,0
DA:236,0
DA:237,0
DA:238,0
DA:239,0
DA:244,0
DA:245,0
DA:246,0
DA:248,0
DA:250,0
DA:251,0
DA:255,0
DA:256,0
DA:257,0
DA:258,0
DA:261,0
DA:262,0
DA:263,0
DA:264,0
DA:265,0
DA:266,0
DA:268,0
DA:270,0
DA:281,0
DA:282,0
DA:283,0
DA:289,0
DA:293,0
DA:294,0
DA:295,0
DA:298,0
DA:301,0
DA:302,0
DA:303,0
DA:304,0
DA:305,0
DA:306,0
DA:310,0
DA:311,0
DA:314,0
DA:315,0
DA:316,0
DA:317,0
DA:320,0
DA:321,0
DA:322,0
DA:323,0
DA:324,0
DA:325,0
DA:327,0
DA:329,0
DA:340,0
DA:341,0
DA:342,0
DA:348,0
DA:352,0
DA:353,0
DA:354,0
DA:355,0
DA:358,0
DA:361,0
DA:362,0
DA:363,0
DA:364,0
DA:365,0
DA:366,0
DA:370,0
DA:371,0
DA:375,0
DA:376,0
DA:377,0
DA:378,0
DA:380,0
DA:381,0
DA:382,0
DA:383,0
DA:384,0
DA:386,0
DA:390,0
DA:391,0
DA:392,0
DA:393,0
DA:395,0
DA:398,0
DA:401,0
DA:402,0
DA:403,0
DA:404,0
DA:405,0
DA:406,0
DA:407,0
DA:408,0
DA:409,0
DA:410,0
DA:411,0
DA:412,0
DA:416,0
DA:417,0
DA:418,0
DA:419,0
DA:421,0
DA:422,0
DA:423,0
DA:431,0
DA:432,0
DA:433,0
DA:438,0
DA:439,0
DA:440,0
DA:442,0
DA:457,0
DA:458,0
DA:460,0
DA:462,0
DA:464,0
DA:465,0
DA:467,0
DA:471,0
DA:472,0
DA:555,0
DA:567,0
DA:569,0
DA:570,0
DA:582,0
DA:583,0
DA:584,0
DA:585,0
DA:586,0
DA:587,0
DA:588,0
DA:589,0
DA:591,0
DA:592,0
DA:595,0
DA:597,0
DA:598,0
DA:599,0
DA:601,0
DA:602,0
DA:603,0
DA:604,0
DA:605,0
DA:607,0
DA:608,0
DA:611,0
DA:613,0
DA:614,0
DA:615,0
DA:616,0
DA:617,0
DA:618,0
DA:619,0
DA:620,0
DA:622,0
DA:631,0
DA:632,0
DA:633,0
DA:634,0
DA:635,0
DA:652,0
DA:660,0
DA:719,0
DA:723,0
DA:754,0
DA:760,0
DA:769,0
DA:770,0
DA:772,0
DA:773,0
DA:774,0
DA:775,0
DA:780,0
DA:781,0
DA:782,0
DA:785,0
DA:786,0
DA:787,0
DA:795,0
DA:796,0
DA:798,0
DA:799,0
DA:800,0
DA:801,0
DA:806,0
DA:807,0
DA:808,0
DA:809,0
DA:812,0
DA:813,0
DA:814,0
DA:820,0
DA:826,0
DA:827,0
DA:828,0
DA:833,0
DA:835,0
DA:842,0
LF:309
LH:0
BRDA:52,0,0,0
BRDA:52,0,1,0
BRDA:53,1,0,0
BRDA:53,1,1,0
BRDA:55,2,0,0
BRDA:55,2,1,0
BRDA:56,3,0,0
BRDA:56,3,1,0
BRDA:57,4,0,0
BRDA:57,4,1,0
BRDA:58,5,0,0
BRDA:58,5,1,0
BRDA:59,6,0,0
BRDA:59,6,1,0
BRDA:59,7,0,0
BRDA:59,7,1,0
BRDA:59,7,2,0
BRDA:60,8,0,0
BRDA:60,8,1,0
BRDA:61,9,0,0
BRDA:61,9,1,0
BRDA:62,10,0,0
BRDA:62,10,1,0
BRDA:63,11,0,0
BRDA:63,11,1,0
BRDA:64,12,0,0
BRDA:64,12,1,0
BRDA:65,13,0,0
BRDA:65,13,1,0
BRDA:66,14,0,0
BRDA:66,14,1,0
BRDA:68,15,0,0
BRDA:68,15,1,0
BRDA:69,16,0,0
BRDA:69,16,1,0
BRDA:92,17,0,0
BRDA:92,17,1,0
BRDA:92,18,0,0
BRDA:92,18,1,0
BRDA:96,19,0,0
BRDA:96,19,1,0
BRDA:108,20,0,0
BRDA:108,20,1,0
BRDA:109,21,0,0
BRDA:109,21,1,0
BRDA:115,22,0,0
BRDA:115,22,1,0
BRDA:116,23,0,0
BRDA:116,23,1,0
BRDA:117,24,0,0
BRDA:117,24,1,0
BRDA:119,25,0,0
BRDA:119,25,1,0
BRDA:122,26,0,0
BRDA:122,26,1,0
BRDA:125,27,0,0
BRDA:125,27,1,0
BRDA:126,28,0,0
BRDA:126,28,1,0
BRDA:128,29,0,0
BRDA:128,29,1,0
BRDA:149,30,0,0
BRDA:149,30,1,0
BRDA:150,31,0,0
BRDA:150,31,1,0
BRDA:152,32,0,0
BRDA:152,32,1,0
BRDA:156,33,0,0
BRDA:156,33,1,0
BRDA:156,34,0,0
BRDA:156,34,1,0
BRDA:157,35,0,0
BRDA:157,35,1,0
BRDA:158,36,0,0
BRDA:158,36,1,0
BRDA:159,37,0,0
BRDA:159,37,1,0
BRDA:160,38,0,0
BRDA:160,38,1,0
BRDA:168,39,0,0
BRDA:168,39,1,0
BRDA:177,40,0,0
BRDA:177,40,1,0
BRDA:178,41,0,0
BRDA:178,41,1,0
BRDA:180,42,0,0
BRDA:180,42,1,0
BRDA:181,43,0,0
BRDA:181,43,1,0
BRDA:182,44,0,0
BRDA:182,44,1,0
BRDA:194,45,0,0
BRDA:194,45,1,0
BRDA:195,46,0,0
BRDA:195,46,1,0
BRDA:196,47,0,0
BRDA:196,47,1,0
BRDA:208,48,0,0
BRDA:208,48,1,0
BRDA:214,49,0,0
BRDA:214,49,1,0
BRDA:222,50,0,0
BRDA:222,50,1,0
BRDA:227,51,0,0
BRDA:227,51,1,0
BRDA:230,52,0,0
BRDA:230,52,1,0
BRDA:234,53,0,0
BRDA:234,53,1,0
BRDA:235,54,0,0
BRDA:235,54,1,0
BRDA:236,55,0,0
BRDA:236,55,1,0
BRDA:237,56,0,0
BRDA:237,56,1,0
BRDA:238,57,0,0
BRDA:238,57,1,0
BRDA:239,58,0,0
BRDA:239,58,1,0
BRDA:244,59,0,0
BRDA:244,59,1,0
BRDA:245,60,0,0
BRDA:245,60,1,0
BRDA:256,61,0,0
BRDA:256,61,1,0
BRDA:257,62,0,0
BRDA:257,62,1,0
BRDA:265,63,0,0
BRDA:265,63,1,0
BRDA:265,63,2,0
BRDA:266,64,0,0
BRDA:266,64,1,0
BRDA:266,64,2,0
BRDA:268,65,0,0
BRDA:268,65,1,0
BRDA:268,66,0,0
BRDA:268,66,1,0
BRDA:272,67,0,0
BRDA:272,67,1,0
BRDA:272,67,2,0
BRDA:281,68,0,0
BRDA:281,68,1,0
BRDA:286,69,0,0
BRDA:286,69,1,0
BRDA:294,70,0,0
BRDA:294,70,1,0
BRDA:294,70,2,0
BRDA:295,71,0,0
BRDA:295,71,1,0
BRDA:295,71,2,0
BRDA:295,72,0,0
BRDA:295,72,1,0
BRDA:315,73,0,0
BRDA:315,73,1,0
BRDA:316,74,0,0
BRDA:316,74,1,0
BRDA:324,75,0,0
BRDA:324,75,1,0
BRDA:325,76,0,0
BRDA:325,76,1,0
BRDA:325,76,2,0
BRDA:327,77,0,0
BRDA:327,77,1,0
BRDA:327,78,0,0
BRDA:327,78,1,0
BRDA:331,79,0,0
BRDA:331,79,1,0
BRDA:331,79,2,0
BRDA:335,80,0,0
BRDA:335,80,1,0
BRDA:340,81,0,0
BRDA:340,81,1,0
BRDA:353,82,0,0
BRDA:353,82,1,0
BRDA:353,82,2,0
BRDA:354,83,0,0
BRDA:354,83,1,0
BRDA:354,83,2,0
BRDA:355,84,0,0
BRDA:355,84,1,0
BRDA:376,85,0,0
BRDA:376,85,1,0
BRDA:377,86,0,0
BRDA:377,86,1,0
BRDA:377,87,0,0
BRDA:377,87,1,0
BRDA:377,88,0,0
BRDA:377,88,1,0
BRDA:378,89,0,0
BRDA:378,89,1,0
BRDA:378,90,0,0
BRDA:378,90,1,0
BRDA:378,91,0,0
BRDA:378,91,1,0
BRDA:381,92,0,0
BRDA:381,92,1,0
BRDA:382,93,0,0
BRDA:382,93,1,0
BRDA:383,94,0,0
BRDA:383,94,1,0
BRDA:383,95,0,0
BRDA:383,95,1,0
BRDA:391,96,0,0
BRDA:391,96,1,0
BRDA:395,97,0,0
BRDA:395,97,1,0
BRDA:395,98,0,0
BRDA:395,98,1,0
BRDA:395,99,0,0
BRDA:395,99,1,0
BRDA:404,100,0,0
BRDA:404,100,1,0
BRDA:405,101,0,0
BRDA:405,101,1,0
BRDA:406,102,0,0
BRDA:406,102,1,0
BRDA:407,103,0,0
BRDA:407,103,1,0
BRDA:408,104,0,0
BRDA:408,104,1,0
BRDA:409,105,0,0
BRDA:409,105,1,0
BRDA:410,106,0,0
BRDA:410,106,1,0
BRDA:411,107,0,0
BRDA:411,107,1,0
BRDA:421,108,0,0
BRDA:421,108,1,0
BRDA:422,109,0,0
BRDA:422,109,1,0
BRDA:423,110,0,0
BRDA:423,110,1,0
BRDA:427,111,0,0
BRDA:427,111,1,0
BRDA:428,112,0,0
BRDA:428,112,1,0
BRDA:429,113,0,0
BRDA:429,113,1,0
BRDA:429,114,0,0
BRDA:429,114,1,0
BRDA:429,114,2,0
BRDA:431,115,0,0
BRDA:431,115,1,0
BRDA:432,116,0,0
BRDA:432,116,1,0
BRDA:432,117,0,0
BRDA:432,117,1,0
BRDA:433,118,0,0
BRDA:433,118,1,0
BRDA:433,119,0,0
BRDA:433,119,1,0
BRDA:438,120,0,0
BRDA:438,120,1,0
BRDA:440,121,0,0
BRDA:440,121,1,0
BRDA:440,122,0,0
BRDA:440,122,1,0
BRDA:445,123,0,0
BRDA:445,123,1,0
BRDA:452,124,0,0
BRDA:452,124,1,0
BRDA:453,125,0,0
BRDA:453,125,1,0
BRDA:454,126,0,0
BRDA:454,126,1,0
BRDA:455,127,0,0
BRDA:455,127,1,0
BRDA:457,128,0,0
BRDA:457,128,1,0
BRDA:457,129,0,0
BRDA:457,129,1,0
BRDA:474,130,0,0
BRDA:474,130,1,0
BRDA:505,131,0,0
BRDA:505,131,1,0
BRDA:556,132,0,0
BRDA:556,132,1,0
BRDA:557,133,0,0
BRDA:557,133,1,0
BRDA:558,134,0,0
BRDA:558,134,1,0
BRDA:566,135,0,0
BRDA:566,135,1,0
BRDA:567,136,0,0
BRDA:567,136,1,0
BRDA:577,137,0,0
BRDA:577,137,1,0
BRDA:583,138,0,0
BRDA:583,138,1,0
BRDA:585,139,0,0
BRDA:585,139,1,0
BRDA:586,140,0,0
BRDA:586,140,1,0
BRDA:598,141,0,0
BRDA:598,141,1,0
BRDA:601,142,0,0
BRDA:601,142,1,0
BRDA:602,143,0,0
BRDA:602,143,1,0
BRDA:614,144,0,0
BRDA:614,144,1,0
BRDA:616,145,0,0
BRDA:616,145,1,0
BRDA:626,146,0,0
BRDA:626,146,1,0
BRDA:627,147,0,0
BRDA:627,147,1,0
BRDA:628,148,0,0
BRDA:628,148,1,0
BRDA:629,149,0,0
BRDA:629,149,1,0
BRDA:631,150,0,0
BRDA:631,150,1,0
BRDA:631,151,0,0
BRDA:631,151,1,0
BRDA:631,151,2,0
BRDA:632,152,0,0
BRDA:632,152,1,0
BRDA:632,153,0,0
BRDA:632,153,1,0
BRDA:632,153,2,0
BRDA:633,154,0,0
BRDA:633,154,1,0
BRDA:633,155,0,0
BRDA:633,155,1,0
BRDA:633,156,0,0
BRDA:633,156,1,0
BRDA:633,157,0,0
BRDA:633,157,1,0
BRDA:633,158,0,0
BRDA:633,158,1,0
BRDA:633,158,2,0
BRDA:633,158,3,0
BRDA:634,159,0,0
BRDA:634,159,1,0
BRDA:634,160,0,0
BRDA:634,160,1,0
BRDA:640,161,0,0
BRDA:640,161,1,0
BRDA:641,162,0,0
BRDA:641,162,1,0
BRDA:643,163,0,0
BRDA:643,163,1,0
BRDA:654,164,0,0
BRDA:654,164,1,0
BRDA:655,165,0,0
BRDA:655,165,1,0
BRDA:656,166,0,0
BRDA:656,166,1,0
BRDA:657,167,0,0
BRDA:657,167,1,0
BRDA:657,167,2,0
BRDA:718,168,0,0
BRDA:718,168,1,0
BRDA:719,169,0,0
BRDA:719,169,1,0
BRDA:723,170,0,0
BRDA:723,170,1,0
BRDA:762,171,0,0
BRDA:762,171,1,0
BRDA:770,172,0,0
BRDA:770,172,1,0
BRDA:772,173,0,0
BRDA:772,173,1,0
BRDA:772,174,0,0
BRDA:772,174,1,0
BRDA:772,174,2,0
BRDA:780,175,0,0
BRDA:780,175,1,0
BRDA:780,176,0,0
BRDA:780,176,1,0
BRDA:780,176,2,0
BRDA:781,177,0,0
BRDA:781,177,1,0
BRDA:781,177,2,0
BRDA:781,178,0,0
BRDA:781,178,1,0
BRDA:782,179,0,0
BRDA:782,179,1,0
BRDA:789,180,0,0
BRDA:789,180,1,0
BRDA:789,181,0,0
BRDA:789,181,1,0
BRDA:789,182,0,0
BRDA:789,182,1,0
BRDA:796,183,0,0
BRDA:796,183,1,0
BRDA:798,184,0,0
BRDA:798,184,1,0
BRDA:798,185,0,0
BRDA:798,185,1,0
BRDA:798,185,2,0
BRDA:806,186,0,0
BRDA:806,186,1,0
BRDA:807,187,0,0
BRDA:807,187,1,0
BRDA:807,188,0,0
BRDA:807,188,1,0
BRDA:808,189,0,0
BRDA:808,189,1,0
BRDA:809,190,0,0
BRDA:809,190,1,0
BRDA:816,191,0,0
BRDA:816,191,1,0
BRDA:816,192,0,0
BRDA:816,192,1,0
BRDA:816,193,0,0
BRDA:816,193,1,0
BRDA:821,194,0,0
BRDA:821,194,1,0
BRDA:823,195,0,0
BRDA:823,195,1,0
BRDA:823,196,0,0
BRDA:823,196,1,0
BRDA:827,197,0,0
BRDA:827,197,1,0
BRDA:835,198,0,0
BRDA:835,198,1,0
BRDA:835,199,0,0
BRDA:835,199,1,0
BRDA:837,200,0,0
BRDA:837,200,1,0
BRDA:837,201,0,0
BRDA:837,201,1,0
BRDA:837,202,0,0
BRDA:837,202,1,0
BRDA:838,203,0,0
BRDA:838,203,1,0
BRDA:838,204,0,0
BRDA:838,204,1,0
BRDA:838,205,0,0
BRDA:838,205,1,0
BRDA:838,206,0,0
BRDA:838,206,1,0
BRDA:839,207,0,0
BRDA:839,207,1,0
BRDA:839,208,0,0
BRDA:839,208,1,0
BRDA:839,209,0,0
BRDA:839,209,1,0
BRDA:839,210,0,0
BRDA:839,210,1,0
BRDA:839,211,0,0
BRDA:839,211,1,0
BRF:444
BRH:0
end_of_record
TN:
SF:src/components/SessionTimeoutWarning.js
FN:17,(anonymous_0)
FN:32,(anonymous_1)
FN:34,(anonymous_2)
FN:50,(anonymous_3)
FN:53,(anonymous_4)
FN:65,(anonymous_5)
FN:78,(anonymous_6)
FN:110,(anonymous_7)
FN:122,(anonymous_8)
FN:150,(anonymous_9)
FN:169,(anonymous_10)
FN:186,(anonymous_11)
FN:199,(anonymous_12)
FN:204,(anonymous_13)
FN:211,(anonymous_14)
FN:214,(anonymous_15)
FN:241,(anonymous_16)
FN:244,(anonymous_17)
FN:255,(anonymous_18)
FN:256,(anonymous_19)
FN:268,(anonymous_20)
FN:274,(anonymous_21)
FN:286,(anonymous_22)
FNF:23
FNH:0
FNDA:0,(anonymous_0)
FNDA:0,(anonymous_1)
FNDA:0,(anonymous_2)
FNDA:0,(anonymous_3)
FNDA:0,(anonymous_4)
FNDA:0,(anonymous_5)
FNDA:0,(anonymous_6)
FNDA:0,(anonymous_7)
FNDA:0,(anonymous_8)
FNDA:0,(anonymous_9)
FNDA:0,(anonymous_10)
FNDA:0,(anonymous_11)
FNDA:0,(anonymous_12)
FNDA:0,(anonymous_13)
FNDA:0,(anonymous_14)
FNDA:0,(anonymous_15)
FNDA:0,(anonymous_16)
FNDA:0,(anonymous_17)
FNDA:0,(anonymous_18)
FNDA:0,(anonymous_19)
FNDA:0,(anonymous_20)
FNDA:0,(anonymous_21)
FNDA:0,(anonymous_22)
DA:17,0
DA:18,0
DA:19,0
DA:20,0
DA:21,0
DA:22,0
DA:23,0
DA:24,0
DA:25,0
DA:26,0
DA:28,0
DA:29,0
DA:32,0
DA:33,0
DA:34,0
DA:35,0
DA:36,0
DA:37,0
DA:38,0
DA:39,0
DA:40,0
DA:41,0
DA:42,0
DA:46,0
DA:48,0
DA:50,0
DA:53,0
DA:54,0
DA:55,0
DA:57,0
DA:58,0
DA:59,0
DA:61,0
DA:65,0
DA:66,0
DA:67,0
DA:69,0
DA:70,0
DA:72,0
DA:74,0
DA:78,0
DA:80,0
DA:82,0
DA:83,0
DA:84,0
DA:88,0
DA:89,0
DA:91,0
DA:92,0
DA:93,0
DA:95,0
DA:96,0
DA:97,0
DA:98,0
DA:101,0
DA:104,0
DA:105,0
DA:106,0
DA:109,0
DA:110,0
DA:111,0
DA:112,0
DA:114,0
DA:115,0
DA:117,0
DA:118,0
DA:122,0
DA:124,0
DA:127,0
DA:128,0
DA:129,0
DA:131,0
DA:132,0
DA:133,0
DA:136,0
DA:138,0
DA:139,0
DA:141,0
DA:142,0
DA:143,0
DA:145,0
DA:146,0
DA:147,0
DA:148,0
DA:150,0
DA:151,0
DA:152,0
DA:153,0
DA:155,0
DA:157,0
DA:160,0
DA:161,0
DA:162,0
DA:164,0
DA:165,0
DA:166,0
DA:167,0
DA:169,0
DA:170,0
DA:171,0
DA:172,0
DA:175,0
DA:178,0
DA:179,0
DA:180,0
DA:181,0
DA:182,0
DA:186,0
DA:187,0
DA:188,0
DA:189,0
DA:191,0
DA:192,0
DA:193,0
DA:195,0
DA:196,0
DA:199,0
DA:200,0
DA:201,0
DA:204,0
DA:205,0
DA:206,0
DA:211,0
DA:212,0
DA:214,0
DA:216,0
DA:219,0
DA:220,0
DA:221,0
DA:222,0
DA:223,0
DA:225,0
DA:226,0
DA:227,0
DA:228,0
DA:230,0
DA:231,0
DA:235,0
DA:236,0
DA:237,0
DA:241,0
DA:244,0
DA:246,0
DA:247,0
DA:248,0
DA:249,0
DA:251,0
DA:255,0
DA:256,0
DA:257,0
DA:258,0
DA:259,0
DA:260,0
DA:261,0
DA:263,0
DA:266,0
DA:268,0
DA:269,0
DA:270,0
DA:274,0
DA:275,0
DA:276,0
DA:277,0
DA:280,0
DA:282,0
DA:287,0
DA:288,0
LF:167
LH:0
BRDA:35,0,0,0
BRDA:35,0,1,0
BRDA:35,1,0,0
BRDA:35,1,1,0
BRDA:38,2,0,0
BRDA:38,2,1,0
BRDA:38,3,0,0
BRDA:38,3,1,0
BRDA:40,4,0,0
BRDA:40,4,1,0
BRDA:40,5,0,0
BRDA:40,5,1,0
BRDA:48,6,0,0
BRDA:48,6,1,0
BRDA:55,7,0,0
BRDA:55,7,1,0
BRDA:67,8,0,0
BRDA:67,8,1,0
BRDA:72,9,0,0
BRDA:72,9,1,0
BRDA:80,10,0,0
BRDA:80,10,1,0
BRDA:80,11,0,0
BRDA:80,11,1,0
BRDA:82,12,0,0
BRDA:82,12,1,0
BRDA:92,13,0,0
BRDA:92,13,1,0
BRDA:96,14,0,0
BRDA:96,14,1,0
BRDA:104,15,0,0
BRDA:104,15,1,0
BRDA:109,16,0,0
BRDA:109,16,1,0
BRDA:115,17,0,0
BRDA:115,17,1,0
BRDA:115,18,0,0
BRDA:115,18,1,0
BRDA:127,19,0,0
BRDA:127,19,1,0
BRDA:131,20,0,0
BRDA:131,20,1,0
BRDA:139,21,0,0
BRDA:139,21,1,0
BRDA:142,22,0,0
BRDA:142,22,1,0
BRDA:161,23,0,0
BRDA:161,23,1,0
BRDA:187,24,0,0
BRDA:187,24,1,0
BRDA:191,25,0,0
BRDA:191,25,1,0
BRDA:200,26,0,0
BRDA:200,26,1,0
BRDA:205,27,0,0
BRDA:205,27,1,0
BRDA:206,28,0,0
BRDA:206,28,1,0
BRDA:212,29,0,0
BRDA:212,29,1,0
BRDA:216,30,0,0
BRDA:216,30,1,0
BRDA:222,31,0,0
BRDA:222,31,1,0
BRDA:226,32,0,0
BRDA:226,32,1,0
BRDA:235,33,0,0
BRDA:235,33,1,0
BRDA:246,34,0,0
BRDA:246,34,1,0
BRDA:247,35,0,0
BRDA:247,35,1,0
BRDA:258,36,0,0
BRDA:258,36,1,0
BRDA:287,37,0,0
BRDA:287,37,1,0
BRDA:293,38,0,0
BRDA:293,38,1,0
BRDA:296,39,0,0
BRDA:296,39,1,0
BRDA:307,40,0,0
BRDA:307,40,1,0
BRDA:339,41,0,0
BRDA:339,41,1,0
BRDA:339,41,2,0
BRF:85
BRH:0
end_of_record
TN:
SF:src/components/StatusChangeDialog.js
FN:14,StatusChangeDialog
FN:18,(anonymous_1)
FN:22,(anonymous_2)
FN:35,(anonymous_3)
FN:35,(anonymous_4)
FN:43,(anonymous_5)
FN:43,(anonymous_6)
FNF:7
FNH:0
FNDA:0,StatusChangeDialog
FNDA:0,(anonymous_1)
FNDA:0,(anonymous_2)
FNDA:0,(anonymous_3)
FNDA:0,(anonymous_4)
FNDA:0,(anonymous_5)
FNDA:0,(anonymous_6)
DA:15,0
DA:16,0
DA:18,0
DA:19,0
DA:22,0
DA:23,0
DA:26,0
DA:35,0
DA:43,0
LF:9
LH:0
BRDA:14,0,0,0
BRDA:16,1,0,0
BRDA:16,1,1,0
BRDA:16,2,0,0
BRDA:16,2,1,0
BRDA:16,3,0,0
BRDA:16,3,1,0
BRDA:19,4,0,0
BRDA:19,4,1,0
BRDA:19,5,0,0
BRDA:19,5,1,0
BRDA:19,6,0,0
BRDA:19,6,1,0
BRDA:23,7,0,0
BRDA:23,7,1,0
BRDA:28,8,0,0
BRDA:28,8,1,0
BRDA:28,9,0,0
BRDA:28,9,1,0
BRDA:32,10,0,0
BRDA:32,10,1,0
BRDA:39,11,0,0
BRDA:39,11,1,0
BRDA:45,12,0,0
BRDA:45,12,1,0
BRDA:50,13,0,0
BRDA:50,13,1,0
BRF:27
BRH:0
end_of_record
TN:
SF:src/components/TablePaginationBar.js
FN:4,(anonymous_0)
FNF:1
FNH:0
FNDA:0,(anonymous_0)
DA:4,0
DA:12,0
LF:2
LH:0
BRDA:10,0,0,0
BRF:1
BRH:0
end_of_record
TN:
SF:src/components/TodoDialog.js
FN:20,(anonymous_0)
FN:33,(anonymous_1)
FN:36,(anonymous_2)
FN:43,(anonymous_3)
FN:43,(anonymous_4)
FN:44,(anonymous_5)
FN:44,(anonymous_6)
FN:57,(anonymous_7)
FN:66,(anonymous_8)
FN:71,(anonymous_9)
FN:72,(anonymous_10)
FN:96,(anonymous_11)
FN:96,(anonymous_12)
FN:97,(anonymous_13)
FN:97,(anonymous_14)
FN:100,(anonymous_15)
FN:104,(anonymous_16)
FN:105,(anonymous_17)
FN:110,(anonymous_18)
FN:112,(anonymous_19)
FN:113,(anonymous_20)
FN:113,(anonymous_21)
FN:114,(anonymous_22)
FN:120,(anonymous_23)
FN:122,(anonymous_24)
FN:123,(anonymous_25)
FN:123,(anonymous_26)
FN:124,(anonymous_27)
FN:127,(anonymous_28)
FN:129,(anonymous_29)
FN:133,(anonymous_30)
FNF:31
FNH:0
FNDA:0,(anonymous_0)
FNDA:0,(anonymous_1)
FNDA:0,(anonymous_2)
FNDA:0,(anonymous_3)
FNDA:0,(anonymous_4)
FNDA:0,(anonymous_5)
FNDA:0,(anonymous_6)
FNDA:0,(anonymous_7)
FNDA:0,(anonymous_8)
FNDA:0,(anonymous_9)
FNDA:0,(anonymous_10)
FNDA:0,(anonymous_11)
FNDA:0,(anonymous_12)
FNDA:0,(anonymous_13)
FNDA:0,(anonymous_14)
FNDA:0,(anonymous_15)
FNDA:0,(anonymous_16)
FNDA:0,(anonymous_17)
FNDA:0,(anonymous_18)
FNDA:0,(anonymous_19)
FNDA:0,(anonymous_20)
FNDA:0,(anonymous_21)
FNDA:0,(anonymous_22)
FNDA:0,(anonymous_23)
FNDA:0,(anonymous_24)
FNDA:0,(anonymous_25)
FNDA:0,(anonymous_26)
FNDA:0,(anonymous_27)
FNDA:0,(anonymous_28)
FNDA:0,(anonymous_29)
FNDA:0,(anonymous_30)
DA:20,0
DA:21,0
DA:22,0
DA:23,0
DA:24,0
DA:25,0
DA:26,0
DA:27,0
DA:28,0
DA:29,0
DA:30,0
DA:31,0
DA:33,0
DA:34,0
DA:36,0
DA:37,0
DA:39,0
DA:40,0
DA:41,0
DA:43,0
DA:44,0
DA:45,0
DA:46,0
DA:47,0
DA:48,0
DA:50,0
DA:54,0
DA:57,0
DA:58,0
DA:59,0
DA:60,0
DA:61,0
DA:62,0
DA:63,0
DA:66,0
DA:67,0
DA:71,0
DA:72,0
DA:78,0
DA:79,0
DA:80,0
DA:81,0
DA:83,0
DA:85,0
DA:87,0
DA:88,0
DA:90,0
DA:96,0
DA:97,0
DA:99,0
DA:100,0
DA:104,0
DA:105,0
DA:110,0
DA:112,0
DA:113,0
DA:114,0
DA:120,0
DA:122,0
DA:123,0
DA:124,0
DA:127,0
DA:129,0
DA:133,0
LF:64
LH:0
BRDA:34,0,0,0
BRDA:34,0,1,0
BRDA:39,1,0,0
BRDA:39,1,1,0
BRDA:40,2,0,0
BRDA:40,2,1,0
BRDA:41,3,0,0
BRDA:41,3,1,0
BRDA:43,4,0,0
BRDA:43,4,1,0
BRDA:44,5,0,0
BRDA:44,5,1,0
BRDA:48,6,0,0
BRDA:48,6,1,0
BRDA:58,7,0,0
BRDA:58,7,1,0
BRDA:59,8,0,0
BRDA:59,8,1,0
BRDA:60,9,0,0
BRDA:60,9,1,0
BRDA:74,10,0,0
BRDA:74,10,1,0
BRDA:75,11,0,0
BRDA:75,11,1,0
BRDA:80,12,0,0
BRDA:80,12,1,0
BRDA:80,13,0,0
BRDA:80,13,1,0
BRDA:96,14,0,0
BRDA:96,14,1,0
BRDA:97,15,0,0
BRDA:97,15,1,0
BRDA:101,16,0,0
BRDA:101,16,1,0
BRDA:101,17,0,0
BRDA:101,17,1,0
BRDA:101,18,0,0
BRDA:101,18,1,0
BRDA:104,19,0,0
BRDA:104,19,1,0
BRDA:105,20,0,0
BRDA:105,20,1,0
BRDA:110,21,0,0
BRDA:110,21,1,0
BRDA:110,21,2,0
BRDA:113,22,0,0
BRDA:113,22,1,0
BRDA:114,23,0,0
BRDA:114,23,1,0
BRDA:120,24,0,0
BRDA:120,24,1,0
BRDA:124,25,0,0
BRDA:124,25,1,0
BRDA:127,26,0,0
BRDA:127,26,1,0
BRDA:129,27,0,0
BRDA:129,27,1,0
BRDA:133,28,0,0
BRDA:133,28,1,0
BRDA:134,29,0,0
BRDA:134,29,1,0
BRDA:134,30,0,0
BRDA:134,30,1,0
BRF:63
BRH:0
end_of_record
TN:
SF:src/components/UrlScraper.js
FN:14,UrlScraper
FN:20,(anonymous_1)
FN:48,(anonymous_2)
FNF:3
FNH:0
FNDA:0,UrlScraper
FNDA:0,(anonymous_1)
FNDA:0,(anonymous_2)
DA:15,0
DA:16,0
DA:17,0
DA:18,0
DA:20,0
DA:21,0
DA:23,0
DA:24,0
DA:25,0
DA:26,0
DA:27,0
DA:29,0
DA:31,0
DA:32,0
DA:34,0
DA:38,0
DA:48,0
LF:17
LH:0
BRDA:21,0,0,0
BRDA:21,0,1,0
BRDA:31,1,0,0
BRDA:31,1,1,0
BRDA:55,2,0,0
BRDA:55,2,1,0
BRDA:56,3,0,0
BRDA:56,3,1,0
BRF:8
BRH:0
end_of_record
TN:
SF:src/components/VehicleDialog.js
FN:26,(anonymous_0)
FN:67,(anonymous_1)
FN:70,(anonymous_2)
FN:72,(anonymous_3)
FN:101,(anonymous_4)
FN:105,(anonymous_5)
FN:112,(anonymous_6)
FN:139,(anonymous_7)
FN:140,(anonymous_8)
FN:144,(anonymous_9)
FN:184,(anonymous_10)
FN:196,(anonymous_11)
FN:207,(anonymous_12)
FN:218,(anonymous_13)
FN:220,(anonymous_14)
FN:229,(anonymous_15)
FN:234,(anonymous_16)
FN:244,(anonymous_17)
FN:249,(anonymous_18)
FN:254,(anonymous_19)
FN:258,(anonymous_20)
FN:263,(anonymous_21)
FN:277,(anonymous_22)
FN:287,(anonymous_23)
FN:293,(anonymous_24)
FN:297,(anonymous_25)
FN:321,(anonymous_26)
FN:337,(anonymous_27)
FN:341,(anonymous_28)
FN:343,(anonymous_29)
FN:388,(anonymous_30)
FN:400,(anonymous_31)
FN:407,(anonymous_32)
FN:441,(anonymous_33)
FN:450,(anonymous_34)
FN:459,(anonymous_35)
FN:468,(anonymous_36)
FN:489,(anonymous_37)
FN:498,(anonymous_38)
FN:508,(anonymous_39)
FN:509,(anonymous_40)
FN:510,(anonymous_41)
FN:520,(anonymous_42)
FN:533,(anonymous_43)
FN:535,(anonymous_44)
FN:538,(anonymous_45)
FN:541,(anonymous_46)
FN:560,(anonymous_47)
FN:571,(anonymous_48)
FN:573,(anonymous_49)
FN:576,(anonymous_50)
FN:579,(anonymous_51)
FN:595,(anonymous_52)
FN:601,(anonymous_53)
FN:624,(anonymous_54)
FN:692,(anonymous_55)
FN:706,(anonymous_56)
FN:724,(anonymous_57)
FN:728,(anonymous_58)
FN:729,(anonymous_59)
FN:740,(anonymous_60)
FN:760,(anonymous_61)
FN:829,(anonymous_62)
FNF:63
FNH:0
FNDA:0,(anonymous_0)
FNDA:0,(anonymous_1)
FNDA:0,(anonymous_2)
FNDA:0,(anonymous_3)
FNDA:0,(anonymous_4)
FNDA:0,(anonymous_5)
FNDA:0,(anonymous_6)
FNDA:0,(anonymous_7)
FNDA:0,(anonymous_8)
FNDA:0,(anonymous_9)
FNDA:0,(anonymous_10)
FNDA:0,(anonymous_11)
FNDA:0,(anonymous_12)
FNDA:0,(anonymous_13)
FNDA:0,(anonymous_14)
FNDA:0,(anonymous_15)
FNDA:0,(anonymous_16)
FNDA:0,(anonymous_17)
FNDA:0,(anonymous_18)
FNDA:0,(anonymous_19)
FNDA:0,(anonymous_20)
FNDA:0,(anonymous_21)
FNDA:0,(anonymous_22)
FNDA:0,(anonymous_23)
FNDA:0,(anonymous_24)
FNDA:0,(anonymous_25)
FNDA:0,(anonymous_26)
FNDA:0,(anonymous_27)
FNDA:0,(anonymous_28)
FNDA:0,(anonymous_29)
FNDA:0,(anonymous_30)
FNDA:0,(anonymous_31)
FNDA:0,(anonymous_32)
FNDA:0,(anonymous_33)
FNDA:0,(anonymous_34)
FNDA:0,(anonymous_35)
FNDA:0,(anonymous_36)
FNDA:0,(anonymous_37)
FNDA:0,(anonymous_38)
FNDA:0,(anonymous_39)
FNDA:0,(anonymous_40)
FNDA:0,(anonymous_41)
FNDA:0,(anonymous_42)
FNDA:0,(anonymous_43)
FNDA:0,(anonymous_44)
FNDA:0,(anonymous_45)
FNDA:0,(anonymous_46)
FNDA:0,(anonymous_47)
FNDA:0,(anonymous_48)
FNDA:0,(anonymous_49)
FNDA:0,(anonymous_50)
FNDA:0,(anonymous_51)
FNDA:0,(anonymous_52)
FNDA:0,(anonymous_53)
FNDA:0,(anonymous_54)
FNDA:0,(anonymous_55)
FNDA:0,(anonymous_56)
FNDA:0,(anonymous_57)
FNDA:0,(anonymous_58)
FNDA:0,(anonymous_59)
FNDA:0,(anonymous_60)
FNDA:0,(anonymous_61)
FNDA:0,(anonymous_62)
DA:26,0
DA:27,0
DA:28,0
DA:52,0
DA:53,0
DA:54,0
DA:55,0
DA:56,0
DA:57,0
DA:58,0
DA:59,0
DA:60,0
DA:61,0
DA:62,0
DA:63,0
DA:65,0
DA:66,0
DA:67,0
DA:70,0
DA:71,0
DA:72,0
DA:76,0
DA:99,0
DA:101,0
DA:102,0
DA:105,0
DA:106,0
DA:107,0
DA:108,0
DA:112,0
DA:113,0
DA:135,0
DA:139,0
DA:140,0
DA:144,0
DA:145,0
DA:181,0
DA:184,0
DA:185,0
DA:186,0
DA:187,0
DA:188,0
DA:196,0
DA:201,0
DA:207,0
DA:208,0
DA:209,0
DA:210,0
DA:212,0
DA:213,0
DA:218,0
DA:219,0
DA:220,0
DA:221,0
DA:222,0
DA:225,0
DA:229,0
DA:230,0
DA:231,0
DA:234,0
DA:235,0
DA:236,0
DA:237,0
DA:239,0
DA:240,0
DA:244,0
DA:245,0
DA:246,0
DA:249,0
DA:250,0
DA:251,0
DA:254,0
DA:255,0
DA:258,0
DA:259,0
DA:260,0
DA:263,0
DA:264,0
DA:265,0
DA:268,0
DA:269,0
DA:270,0
DA:271,0
DA:273,0
DA:275,0
DA:276,0
DA:277,0
DA:278,0
DA:279,0
DA:282,0
DA:283,0
DA:284,0
DA:285,0
DA:287,0
DA:288,0
DA:290,0
DA:291,0
DA:293,0
DA:295,0
DA:296,0
DA:297,0
DA:299,0
DA:305,0
DA:306,0
DA:308,0
DA:320,0
DA:321,0
DA:322,0
DA:323,0
DA:328,0
DA:329,0
DA:331,0
DA:332,0
DA:333,0
DA:337,0
DA:340,0
DA:341,0
DA:342,0
DA:343,0
DA:348,0
DA:349,0
DA:353,0
DA:354,0
DA:357,0
DA:358,0
DA:359,0
DA:361,0
DA:363,0
DA:367,0
DA:368,0
DA:369,0
DA:372,0
DA:374,0
DA:375,0
DA:377,0
DA:380,0
DA:381,0
DA:384,0
DA:388,0
DA:392,0
DA:393,0
DA:394,0
DA:396,0
DA:400,0
DA:401,0
DA:402,0
DA:403,0
DA:407,0
DA:408,0
DA:409,0
DA:410,0
DA:413,0
DA:423,0
DA:424,0
DA:425,0
DA:427,0
DA:428,0
DA:430,0
DA:432,0
DA:434,0
DA:435,0
DA:437,0
DA:441,0
DA:442,0
DA:443,0
DA:444,0
DA:445,0
DA:446,0
DA:447,0
DA:448,0
DA:450,0
DA:451,0
DA:453,0
DA:454,0
DA:458,0
DA:459,0
DA:468,0
DA:490,0
DA:491,0
DA:492,0
DA:494,0
DA:495,0
DA:499,0
DA:508,0
DA:509,0
DA:511,0
DA:512,0
DA:517,0
DA:521,0
DA:533,0
DA:536,0
DA:539,0
DA:542,0
DA:561,0
DA:571,0
DA:574,0
DA:577,0
DA:580,0
DA:595,0
DA:601,0
DA:624,0
DA:692,0
DA:706,0
DA:725,0
DA:728,0
DA:730,0
DA:741,0
DA:761,0
DA:829,0
LF:209
LH:0
BRDA:66,0,0,0
BRDA:66,0,1,0
BRDA:66,0,2,0
BRDA:66,0,3,0
BRDA:66,0,4,0
BRDA:106,1,0,0
BRDA:106,1,1,0
BRDA:135,2,0,0
BRDA:135,2,1,0
BRDA:181,3,0,0
BRDA:181,3,1,0
BRDA:185,4,0,0
BRDA:185,4,1,0
BRDA:187,5,0,0
BRDA:187,5,1,0
BRDA:190,6,0,0
BRDA:190,6,1,0
BRDA:191,7,0,0
BRDA:191,7,1,0
BRDA:192,8,0,0
BRDA:192,8,1,0
BRDA:192,8,2,0
BRDA:193,9,0,0
BRDA:193,9,1,0
BRDA:193,9,2,0
BRDA:194,10,0,0
BRDA:194,10,1,0
BRDA:195,11,0,0
BRDA:195,11,1,0
BRDA:197,12,0,0
BRDA:197,12,1,0
BRDA:208,13,0,0
BRDA:208,13,1,0
BRDA:219,14,0,0
BRDA:219,14,1,0
BRDA:219,15,0,0
BRDA:219,15,1,0
BRDA:221,16,0,0
BRDA:221,16,1,0
BRDA:237,17,0,0
BRDA:237,17,1,0
BRDA:264,18,0,0
BRDA:264,18,1,0
BRDA:264,19,0,0
BRDA:264,19,1,0
BRDA:273,20,0,0
BRDA:273,20,1,0
BRDA:273,21,0,0
BRDA:273,21,1,0
BRDA:276,22,0,0
BRDA:276,22,1,0
BRDA:278,23,0,0
BRDA:278,23,1,0
BRDA:285,24,0,0
BRDA:285,24,1,0
BRDA:285,25,0,0
BRDA:285,25,1,0
BRDA:285,25,2,0
BRDA:288,26,0,0
BRDA:288,26,1,0
BRDA:288,27,0,0
BRDA:288,27,1,0
BRDA:290,28,0,0
BRDA:290,28,1,0
BRDA:305,29,0,0
BRDA:305,29,1,0
BRDA:305,29,2,0
BRDA:306,30,0,0
BRDA:306,30,1,0
BRDA:309,31,0,0
BRDA:309,31,1,0
BRDA:310,32,0,0
BRDA:310,32,1,0
BRDA:311,33,0,0
BRDA:311,33,1,0
BRDA:312,34,0,0
BRDA:312,34,1,0
BRDA:313,35,0,0
BRDA:313,35,1,0
BRDA:314,36,0,0
BRDA:314,36,1,0
BRDA:315,37,0,0
BRDA:315,37,1,0
BRDA:316,38,0,0
BRDA:316,38,1,0
BRDA:320,39,0,0
BRDA:320,39,1,0
BRDA:320,40,0,0
BRDA:320,40,1,0
BRDA:320,40,2,0
BRDA:321,41,0,0
BRDA:321,41,1,0
BRDA:321,41,2,0
BRDA:322,42,0,0
BRDA:322,42,1,0
BRDA:328,43,0,0
BRDA:328,43,1,0
BRDA:331,44,0,0
BRDA:331,44,1,0
BRDA:332,45,0,0
BRDA:332,45,1,0
BRDA:333,46,0,0
BRDA:333,46,1,0
BRDA:333,46,2,0
BRDA:340,47,0,0
BRDA:340,47,1,0
BRDA:342,48,0,0
BRDA:342,48,1,0
BRDA:348,49,0,0
BRDA:348,49,1,0
BRDA:348,50,0,0
BRDA:348,50,1,0
BRDA:357,51,0,0
BRDA:357,51,1,0
BRDA:357,52,0,0
BRDA:357,52,1,0
BRDA:367,53,0,0
BRDA:367,53,1,0
BRDA:372,54,0,0
BRDA:372,54,1,0
BRDA:380,55,0,0
BRDA:380,55,1,0
BRDA:392,56,0,0
BRDA:392,56,1,0
BRDA:392,57,0,0
BRDA:392,57,1,0
BRDA:393,58,0,0
BRDA:393,58,1,0
BRDA:402,59,0,0
BRDA:402,59,1,0
BRDA:402,60,0,0
BRDA:402,60,1,0
BRDA:415,61,0,0
BRDA:415,61,1,0
BRDA:416,62,0,0
BRDA:416,62,1,0
BRDA:417,63,0,0
BRDA:417,63,1,0
BRDA:427,64,0,0
BRDA:427,64,1,0
BRDA:442,65,0,0
BRDA:442,65,1,0
BRDA:442,66,0,0
BRDA:442,66,1,0
BRDA:446,67,0,0
BRDA:446,67,1,0
BRDA:447,68,0,0
BRDA:447,68,1,0
BRDA:461,69,0,0
BRDA:461,69,1,0
BRDA:483,70,0,0
BRDA:483,70,1,0
BRDA:487,71,0,0
BRDA:487,71,1,0
BRDA:492,72,0,0
BRDA:492,72,1,0
BRDA:499,73,0,0
BRDA:499,73,1,0
BRDA:508,74,0,0
BRDA:508,74,1,0
BRDA:509,75,0,0
BRDA:509,75,1,0
BRDA:511,76,0,0
BRDA:511,76,1,0
BRDA:514,77,0,0
BRDA:514,77,1,0
BRDA:536,78,0,0
BRDA:536,78,1,0
BRDA:574,79,0,0
BRDA:574,79,1,0
BRDA:595,80,0,0
BRDA:595,80,1,0
BRDA:599,81,0,0
BRDA:599,81,1,0
BRDA:618,82,0,0
BRDA:618,82,1,0
BRDA:622,83,0,0
BRDA:622,83,1,0
BRDA:744,84,0,0
BRDA:744,84,1,0
BRDA:831,85,0,0
BRDA:831,85,1,0
BRF:182
BRH:0
end_of_record
TN:
SF:src/components/VehicleDocuments.js
FN:39,(anonymous_0)
FN:54,(anonymous_1)
FN:74,(anonymous_2)
FN:78,(anonymous_3)
FN:86,(anonymous_4)
FN:93,(anonymous_5)
FN:101,(anonymous_6)
FN:108,(anonymous_7)
FN:141,(anonymous_8)
FN:153,(anonymous_9)
FN:159,(anonymous_10)
FN:176,(anonymous_11)
FN:181,(anonymous_12)
FN:186,(anonymous_13)
FN:206,(anonymous_14)
FN:217,(anonymous_15)
FN:292,(anonymous_16)
FN:293,(anonymous_17)
FN:299,(anonymous_18)
FN:307,(anonymous_19)
FN:327,(anonymous_20)
FN:340,(anonymous_21)
FN:353,(anonymous_22)
FN:378,(anonymous_23)
FN:385,(anonymous_24)
FN:392,(anonymous_25)
FN:423,(anonymous_26)
FN:429,(anonymous_27)
FN:455,(anonymous_28)
FN:462,(anonymous_29)
FNF:30
FNH:0
FNDA:0,(anonymous_0)
FNDA:0,(anonymous_1)
FNDA:0,(anonymous_2)
FNDA:0,(anonymous_3)
FNDA:0,(anonymous_4)
FNDA:0,(anonymous_5)
FNDA:0,(anonymous_6)
FNDA:0,(anonymous_7)
FNDA:0,(anonymous_8)
FNDA:0,(anonymous_9)
FNDA:0,(anonymous_10)
FNDA:0,(anonymous_11)
FNDA:0,(anonymous_12)
FNDA:0,(anonymous_13)
FNDA:0,(anonymous_14)
FNDA:0,(anonymous_15)
FNDA:0,(anonymous_16)
FNDA:0,(anonymous_17)
FNDA:0,(anonymous_18)
FNDA:0,(anonymous_19)
FNDA:0,(anonymous_20)
FNDA:0,(anonymous_21)
FNDA:0,(anonymous_22)
FNDA:0,(anonymous_23)
FNDA:0,(anonymous_24)
FNDA:0,(anonymous_25)
FNDA:0,(anonymous_26)
FNDA:0,(anonymous_27)
FNDA:0,(anonymous_28)
FNDA:0,(anonymous_29)
DA:39,0
DA:40,0
DA:41,0
DA:42,0
DA:43,0
DA:44,0
DA:45,0
DA:46,0
DA:47,0
DA:48,0
DA:49,0
DA:50,0
DA:51,0
DA:52,0
DA:54,0
DA:55,0
DA:56,0
DA:57,0
DA:58,0
DA:65,0
DA:67,0
DA:68,0
DA:70,0
DA:74,0
DA:75,0
DA:78,0
DA:79,0
DA:80,0
DA:81,0
DA:82,0
DA:86,0
DA:87,0
DA:88,0
DA:89,0
DA:93,0
DA:94,0
DA:95,0
DA:96,0
DA:97,0
DA:101,0
DA:102,0
DA:103,0
DA:106,0
DA:108,0
DA:109,0
DA:111,0
DA:112,0
DA:114,0
DA:115,0
DA:116,0
DA:117,0
DA:118,0
DA:119,0
DA:120,0
DA:123,0
DA:124,0
DA:129,0
DA:130,0
DA:132,0
DA:133,0
DA:134,0
DA:135,0
DA:137,0
DA:141,0
DA:142,0
DA:144,0
DA:145,0
DA:146,0
DA:148,0
DA:149,0
DA:153,0
DA:154,0
DA:155,0
DA:156,0
DA:159,0
DA:160,0
DA:162,0
DA:163,0
DA:166,0
DA:167,0
DA:168,0
DA:169,0
DA:171,0
DA:172,0
DA:176,0
DA:177,0
DA:178,0
DA:181,0
DA:182,0
DA:183,0
DA:186,0
DA:187,0
DA:188,0
DA:192,0
DA:193,0
DA:194,0
DA:195,0
DA:196,0
DA:197,0
DA:198,0
DA:199,0
DA:201,0
DA:202,0
DA:206,0
DA:207,0
DA:208,0
DA:209,0
DA:210,0
DA:211,0
DA:212,0
DA:214,0
DA:217,0
DA:218,0
DA:220,0
DA:222,0
DA:224,0
DA:226,0
DA:230,0
DA:231,0
DA:238,0
DA:292,0
DA:293,0
DA:299,0
DA:307,0
DA:327,0
DA:341,0
DA:353,0
DA:378,0
DA:385,0
DA:392,0
DA:423,0
DA:429,0
DA:455,0
DA:462,0
LF:134
LH:0
BRDA:65,0,0,0
BRDA:65,0,1,0
BRDA:80,1,0,0
[...]
BRDA:132,30,1,0
BRDA:150,31,0,0
BRDA:150,31,1,0
BRDA:163,32,0,0
BRDA:163,32,1,0
BRDA:169,33,0,0
BRDA:169,33,1,0
BRDA:170,34,0,0
BRDA:170,34,1,0
BRDA:179,35,0,0
BRDA:179,35,1,0
BRDA:180,36,0,0
BRDA:180,36,1,0
BRDA:181,37,0,0
BRDA:181,37,1,0
BRDA:182,38,0,0
BRDA:182,38,1,0
BRDA:183,39,0,0
BRDA:183,39,1,0
BRDA:183,40,0,0
BRDA:183,40,1,0
BRDA:183,41,0,0
BRDA:183,41,1,0
BRDA:188,42,0,0
BRDA:188,42,1,0
BRDA:189,43,0,0
BRDA:189,43,1,0
BRDA:190,44,0,0
BRDA:190,44,1,0
BRDA:193,45,0,0
BRDA:193,45,1,0
BRDA:194,46,0,0
BRDA:194,46,1,0
BRDA:196,47,0,0
BRDA:196,47,1,0
BRDA:197,48,0,0
BRDA:197,48,1,0
BRDA:199,49,0,0
BRDA:199,49,1,0
BRDA:200,50,0,0
BRDA:200,50,1,0
BRDA:205,51,0,0
BRDA:205,51,1,0
BRDA:215,52,0,0
BRDA:215,52,1,0
BRDA:223,53,0,0
BRDA:223,53,1,0
BRDA:234,54,0,0
BRDA:234,54,1,0
BRDA:235,55,0,0
BRDA:235,55,1,0
BRDA:236,56,0,0
BRDA:236,56,1,0
BRDA:237,57,0,0
BRDA:237,57,1,0
BRDA:238,58,0,0
BRDA:238,58,1,0
BRDA:251,59,0,0
BRDA:251,59,1,0
BRDA:271,60,0,0
BRDA:271,60,1,0
BRDA:283,61,0,0
BRDA:283,61,1,0
BRDA:292,62,0,0
BRDA:292,62,1,0
BRDA:301,63,0,0
BRDA:301,63,1,0
BRDA:310,64,0,0
BRDA:310,64,1,0
BRDA:319,65,0,0
BRDA:319,65,1,0
BRDA:328,66,0,0
BRDA:328,66,1,0
BRDA:337,67,0,0
BRDA:337,67,1,0
BRDA:346,68,0,0
BRDA:346,68,1,0
BRDA:352,69,0,0
BRDA:352,69,1,0
BRDA:356,70,0,0
BRDA:356,70,1,0
BRDA:366,71,0,0
BRDA:366,71,1,0
BRDA:375,72,0,0
BRDA:375,72,1,0
BRDA:380,73,0,0
BRDA:380,73,1,0
BRDA:381,74,0,0
BRDA:381,74,1,0
BRDA:383,75,0,0
BRDA:383,75,1,0
BRDA:384,76,0,0
BRDA:384,76,1,0
BRDA:384,77,0,0
BRDA:384,77,1,0
BRDA:385,78,0,0
BRDA:385,78,1,0
BRF:160
BRH:0
end_of_record
TN:
SF:src/pages/Todo.js
FN:33,(anonymous_0)
FN:46,(anonymous_1)
FN:47,(anonymous_2)
FN:49,(anonymous_3)
FN:58,(anonymous_4)
FN:59,(anonymous_5)
FN:61,(anonymous_6)
FN:62,(anonymous_7)
FN:91,(anonymous_8)
FN:94,(anonymous_9)
FN:98,(anonymous_10)
FN:108,(anonymous_11)
FN:112,(anonymous_12)
FN:116,(anonymous_13)
FN:121,(anonymous_14)
FN:126,(anonymous_15)
FN:136,(anonymous_16)
FN:154,(anonymous_17)
FN:179,(anonymous_18)
FN:191,(anonymous_19)
FN:200,(anonymous_20)
FN:209,(anonymous_21)
FN:218,(anonymous_22)
FN:232,(anonymous_23)
FN:234,(anonymous_24)
FN:243,(anonymous_25)
FN:249,(anonymous_26)
FN:252,(anonymous_27)
FN:271,(anonymous_28)
FNF:29
FNH:0
FNDA:0,(anonymous_0)
FNDA:0,(anonymous_1)
FNDA:0,(anonymous_2)
FNDA:0,(anonymous_3)
FNDA:0,(anonymous_4)
FNDA:0,(anonymous_5)
FNDA:0,(anonymous_6)
FNDA:0,(anonymous_7)
FNDA:0,(anonymous_8)
FNDA:0,(anonymous_9)
FNDA:0,(anonymous_10)
FNDA:0,(anonymous_11)
FNDA:0,(anonymous_12)
FNDA:0,(anonymous_13)
FNDA:0,(anonymous_14)
FNDA:0,(anonymous_15)
FNDA:0,(anonymous_16)
FNDA:0,(anonymous_17)
FNDA:0,(anonymous_18)
FNDA:0,(anonymous_19)
FNDA:0,(anonymous_20)
FNDA:0,(anonymous_21)
FNDA:0,(anonymous_22)
FNDA:0,(anonymous_23)
FNDA:0,(anonymous_24)
FNDA:0,(anonymous_25)
FNDA:0,(anonymous_26)
FNDA:0,(anonymous_27)
FNDA:0,(anonymous_28)
DA:33,0
DA:34,0
DA:35,0
DA:36,0
DA:37,0
DA:38,0
DA:39,0
DA:40,0
DA:41,0
DA:42,0
DA:43,0
DA:44,0
DA:45,0
DA:46,0
DA:47,0
DA:49,0
DA:50,0
DA:51,0
DA:52,0
DA:53,0
DA:54,0
DA:55,0
DA:58,0
DA:59,0
DA:60,0
DA:61,0
DA:62,0
DA:63,0
DA:64,0
DA:66,0
DA:67,0
DA:69,0
DA:70,0
DA:71,0
DA:74,0
DA:75,0
DA:76,0
DA:77,0
DA:78,0
DA:81,0
DA:82,0
DA:83,0
DA:84,0
DA:86,0
DA:89,0
DA:91,0
DA:92,0
DA:93,0
DA:94,0
DA:95,0
DA:98,0
DA:99,0
DA:100,0
DA:101,0
DA:102,0
DA:104,0
DA:108,0
DA:109,0
DA:112,0
DA:113,0
DA:116,0
DA:117,0
DA:118,0
DA:121,0
DA:122,0
DA:123,0
DA:126,0
DA:127,0
DA:128,0
DA:129,0
DA:130,0
DA:132,0
DA:136,0
DA:137,0
DA:138,0
DA:139,0
DA:140,0
DA:142,0
DA:146,0
DA:154,0
DA:179,0
DA:191,0
DA:200,0
DA:209,0
DA:218,0
DA:233,0
DA:234,0
DA:243,0
DA:249,0
DA:252,0
DA:271,0
LF:91
LH:0
BRDA:37,0,0,0
BRDA:37,0,1,0
BRDA:38,1,0,0
BRDA:38,1,1,0
BRDA:39,2,0,0
BRDA:39,2,1,0
BRDA:39,3,0,0
BRDA:39,3,1,0
BRDA:50,4,0,0
BRDA:50,4,1,0
BRDA:51,5,0,0
BRDA:51,5,1,0
BRDA:60,6,0,0
BRDA:60,6,1,0
BRDA:61,7,0,0
BRDA:61,7,1,0
BRDA:62,8,0,0
BRDA:62,8,1,0
BRDA:63,9,0,0
BRDA:63,9,1,0
BRDA:64,10,0,0
BRDA:64,10,1,0
BRDA:64,11,0,0
BRDA:64,11,1,0
BRDA:64,12,0,0
BRDA:64,12,1,0
BRDA:69,13,0,0
BRDA:69,13,1,0
BRDA:70,14,0,0
BRDA:70,14,1,0
BRDA:70,15,0,0
BRDA:70,15,1,0
BRDA:71,16,0,0
BRDA:71,16,1,0
BRDA:71,17,0,0
BRDA:71,17,1,0
BRDA:74,18,0,0
BRDA:74,18,1,0
BRDA:74,19,0,0
BRDA:74,19,1,0
BRDA:75,20,0,0
BRDA:75,20,1,0
BRDA:76,21,0,0
BRDA:76,21,1,0
BRDA:77,22,0,0
BRDA:77,22,1,0
BRDA:78,23,0,0
BRDA:78,23,1,0
BRDA:81,24,0,0
BRDA:81,24,1,0
BRDA:82,25,0,0
BRDA:82,25,1,0
BRDA:83,26,0,0
BRDA:83,26,1,0
BRDA:84,27,0,0
BRDA:84,27,1,0
BRDA:84,28,0,0
BRDA:84,28,1,0
BRDA:84,29,0,0
BRDA:84,29,1,0
BRDA:94,30,0,0
BRDA:94,30,1,0
BRDA:94,31,0,0
BRDA:94,31,1,0
BRDA:100,32,0,0
BRDA:100,32,1,0
BRDA:100,33,0,0
BRDA:100,33,1,0
BRDA:127,34,0,0
BRDA:127,34,1,0
BRDA:138,35,0,0
BRDA:138,35,1,0
BRDA:149,36,0,0
BRDA:149,36,1,0
BRDA:158,37,0,0
BRDA:158,37,1,0
BRDA:159,38,0,0
BRDA:159,38,1,0
BRDA:178,39,0,0
BRDA:178,39,1,0
BRDA:190,40,0,0
BRDA:190,40,1,0
BRDA:193,41,0,0
BRDA:193,41,1,0
BRDA:199,42,0,0
BRDA:199,42,1,0
BRDA:202,43,0,0
BRDA:202,43,1,0
BRDA:208,44,0,0
BRDA:208,44,1,0
BRDA:211,45,0,0
BRDA:211,45,1,0
BRDA:217,46,0,0
BRDA:217,46,1,0
BRDA:220,47,0,0
BRDA:220,47,1,0
BRDA:227,48,0,0
BRDA:227,48,1,0
BRDA:234,49,0,0
BRDA:234,49,1,0
BRDA:236,50,0,0
BRDA:236,50,1,0
BRDA:236,51,0,0
BRDA:236,51,1,0
BRDA:237,52,0,0
BRDA:237,52,1,0
BRDA:238,53,0,0
BRDA:238,53,1,0
BRDA:240,54,0,0
BRDA:240,54,1,0
BRDA:244,55,0,0
BRDA:244,55,1,0
BRDA:271,56,0,0
BRDA:271,56,1,0
BRF:114
BRH:0
end_of_record
TN:
SF:src/pages/VehicleDetails.js
FN:55,(anonymous_0)
FN:68,(anonymous_1)
FN:76,(anonymous_2)
FN:85,(anonymous_3)
FN:94,(anonymous_4)
FN:111,(anonymous_5)
FN:115,(anonymous_6)
FN:122,(anonymous_7)
FN:130,(anonymous_8)
FN:133,(anonymous_9)
FN:136,(anonymous_10)
FN:139,(anonymous_11)
FN:154,(anonymous_12)
FN:158,(anonymous_13)
FN:163,(anonymous_14)
FN:166,(anonymous_15)
FN:170,(anonymous_16)
FN:190,(anonymous_17)
FN:209,(anonymous_18)
FN:524,(anonymous_19)
FN:537,(anonymous_20)
FN:543,(anonymous_21)
FN:558,(anonymous_22)
FN:581,(anonymous_23)
FN:595,(anonymous_24)
FN:596,(anonymous_25)
FN:626,(anonymous_26)
FNF:27
FNH:0
FNDA:0,(anonymous_0)
FNDA:0,(anonymous_1)
FNDA:0,(anonymous_2)
FNDA:0,(anonymous_3)
FNDA:0,(anonymous_4)
FNDA:0,(anonymous_5)
FNDA:0,(anonymous_6)
FNDA:0,(anonymous_7)
FNDA:0,(anonymous_8)
FNDA:0,(anonymous_9)
FNDA:0,(anonymous_10)
FNDA:0,(anonymous_11)
FNDA:0,(anonymous_12)
FNDA:0,(anonymous_13)
FNDA:0,(anonymous_14)
FNDA:0,(anonymous_15)
FNDA:0,(anonymous_16)
FNDA:0,(anonymous_17)
FNDA:0,(anonymous_18)
FNDA:0,(anonymous_19)
FNDA:0,(anonymous_20)
FNDA:0,(anonymous_21)
FNDA:0,(anonymous_22)
FNDA:0,(anonymous_23)
FNDA:0,(anonymous_24)
FNDA:0,(anonymous_25)
FNDA:0,(anonymous_26)
DA:55,0
DA:56,0
DA:57,0
DA:58,0
DA:59,0
DA:60,0
DA:61,0
DA:62,0
DA:63,0
DA:64,0
DA:65,0
DA:66,0
DA:68,0
DA:69,0
DA:70,0
DA:71,0
DA:72,0
DA:73,0
DA:76,0
DA:77,0
DA:78,0
DA:79,0
DA:80,0
DA:81,0
DA:82,0
DA:85,0
DA:86,0
DA:87,0
DA:88,0
DA:89,0
DA:90,0
DA:91,0
DA:94,0
DA:95,0
DA:96,0
DA:98,0
DA:99,0
DA:100,0
DA:101,0
DA:102,0
DA:103,0
DA:104,0
DA:105,0
DA:109,0
DA:110,0
DA:111,0
DA:112,0
DA:113,0
DA:115,0
DA:117,0
DA:118,0
DA:121,0
DA:122,0
DA:123,0
DA:124,0
DA:127,0
DA:129,0
DA:130,0
DA:133,0
DA:134,0
DA:135,0
DA:136,0
DA:139,0
DA:140,0
DA:141,0
DA:145,0
DA:146,0
DA:148,0
DA:150,0
DA:154,0
DA:155,0
DA:158,0
DA:160,0
DA:161,0
DA:162,0
DA:164,0
DA:167,0
DA:168,0
DA:170,0
DA:174,0
DA:175,0
DA:182,0
DA:183,0
DA:186,0
DA:190,0
DA:209,0
DA:525,0
DA:526,0
DA:527,0
DA:528,0
DA:529,0
DA:530,0
DA:537,0
DA:539,0
DA:544,0
DA:558,0
DA:582,0
DA:583,0
DA:586,0
DA:587,0
DA:588,0
DA:591,0
DA:595,0
DA:596,0
DA:598,0
DA:627,0
DA:630,0
DA:631,0
DA:632,0
DA:633,0
LF:110
LH:0
BRDA:69,0,0,0
BRDA:69,0,1,0
BRDA:77,1,0,0
BRDA:77,1,1,0
BRDA:86,2,0,0
BRDA:86,2,1,0
BRDA:89,3,0,0
BRDA:89,3,1,0
BRDA:90,4,0,0
BRDA:90,4,1,0
BRDA:90,5,0,0
BRDA:90,5,1,0
BRDA:95,6,0,0
BRDA:95,6,1,0
BRDA:98,7,0,0
BRDA:98,7,1,0
BRDA:103,8,0,0
BRDA:103,8,1,0
BRDA:103,9,0,0
BRDA:103,9,1,0
BRDA:104,10,0,0
BRDA:104,10,1,0
BRDA:104,11,0,0
BRDA:104,11,1,0
BRDA:113,12,0,0
BRDA:113,12,1,0
BRDA:121,13,0,0
BRDA:121,13,1,0
BRDA:129,14,0,0
BRDA:129,14,1,0
BRDA:133,15,0,0
BRDA:133,15,1,0
BRDA:160,16,0,0
BRDA:160,16,1,0
BRDA:160,17,0,0
BRDA:160,17,1,0
BRDA:164,18,0,0
BRDA:164,18,1,0
BRDA:174,19,0,0
BRDA:174,19,1,0
BRDA:182,20,0,0
BRDA:182,20,1,0
BRDA:182,21,0,0
BRDA:182,21,1,0
BRDA:182,21,2,0
BRDA:220,22,0,0
BRDA:220,22,1,0
BRDA:231,23,0,0
BRDA:231,23,1,0
BRDA:239,24,0,0
BRDA:239,24,1,0
BRDA:249,25,0,0
BRDA:249,25,1,0
BRDA:257,26,0,0
BRDA:257,26,1,0
BRDA:272,27,0,0
BRDA:272,27,1,0
BRDA:283,28,0,0
BRDA:283,28,1,0
BRDA:305,29,0,0
BRDA:305,29,1,0
BRDA:322,30,0,0
BRDA:322,30,1,0
BRDA:339,31,0,0
BRDA:339,31,1,0
BRDA:356,32,0,0
BRDA:356,32,1,0
BRDA:372,33,0,0
BRDA:372,33,1,0
BRDA:380,34,0,0
BRDA:380,34,1,0
BRDA:388,35,0,0
BRDA:388,35,1,0
BRDA:400,36,0,0
BRDA:400,36,1,0
BRDA:412,37,0,0
BRDA:412,37,1,0
BRDA:424,38,0,0
BRDA:424,38,1,0
BRDA:437,39,0,0
BRDA:437,39,1,0
BRDA:449,40,0,0
BRDA:449,40,1,0
BRDA:461,41,0,0
BRDA:461,41,1,0
BRDA:462,42,0,0
BRDA:462,42,1,0
BRDA:464,43,0,0
BRDA:464,43,1,0
BRDA:473,44,0,0
BRDA:473,44,1,0
BRDA:474,45,0,0
BRDA:474,45,1,0
BRDA:476,46,0,0
BRDA:476,46,1,0
BRDA:482,47,0,0
BRDA:482,47,1,0
BRDA:486,48,0,0
BRDA:486,48,1,0
BRDA:501,49,0,0
BRDA:501,49,1,0
BRDA:507,50,0,0
BRDA:507,50,1,0
BRDA:507,51,0,0
BRDA:507,51,1,0
BRDA:508,52,0,0
BRDA:508,52,1,0
BRDA:522,53,0,0
BRDA:522,53,1,0
BRDA:525,54,0,0
BRDA:525,54,1,0
BRDA:526,55,0,0
BRDA:526,55,1,0
BRDA:527,56,0,0
BRDA:527,56,1,0
BRDA:528,57,0,0
BRDA:528,57,1,0
BRDA:529,58,0,0
BRDA:529,58,1,0
BRDA:531,59,0,0
BRDA:531,59,1,0
BRDA:532,60,0,0
BRDA:532,60,1,0
BRDA:533,61,0,0
BRDA:533,61,1,0
BRDA:534,62,0,0
BRDA:534,62,1,0
BRDA:575,63,0,0
BRDA:575,63,1,0
BRDA:582,64,0,0
BRDA:582,64,1,0
BRDA:586,65,0,0
BRDA:586,65,1,0
BRDA:587,66,0,0
BRDA:587,66,1,0
BRDA:588,67,0,0
BRDA:588,67,1,0
BRDA:591,68,0,0
BRDA:591,68,1,0
BRDA:593,69,0,0
BRDA:593,69,1,0
BRDA:619,70,0,0
BRDA:619,70,1,0
BRDA:619,71,0,0
BRDA:619,71,1,0
BRDA:626,72,0,0
BRDA:626,72,1,0
BRDA:627,73,0,0
BRDA:627,73,1,0
BRDA:629,74,0,0
BRDA:629,74,1,0
BRDA:631,75,0,0
BRDA:631,75,1,0
BRDA:650,76,0,0
BRDA:650,76,1,0
BRDA:650,76,2,0
BRDA:654,77,0,0
BRDA:654,77,1,0
BRDA:654,77,2,0
BRDA:658,78,0,0
BRDA:658,78,1,0
BRDA:658,78,2,0
BRDA:662,79,0,0
BRDA:662,79,1,0
BRDA:662,79,2,0
BRDA:666,80,0,0
BRDA:666,80,1,0
BRDA:666,80,2,0
BRF:168
BRH:0
end_of_record
TN:
SF:src/pages/Vehicles.js
FN:59,(anonymous_0)
FN:65,(anonymous_1)
FN:66,(anonymous_2)
FN:69,(anonymous_3)
FN:70,(anonymous_4)
FN:79,(anonymous_5)
FN:86,(anonymous_6)
FN:90,(anonymous_7)
FN:97,(anonymous_8)
FN:101,(anonymous_9)
FN:105,(anonymous_10)
FN:121,(anonymous_11)
FN:130,(anonymous_12)
FN:131,(anonymous_13)
FN:170,(anonymous_14)
FN:171,(anonymous_15)
FN:176,(anonymous_16)
FN:181,(anonymous_17)
FN:186,(anonymous_18)
FN:193,(anonymous_19)
FN:199,(anonymous_20)
FN:210,(anonymous_21)
FN:226,(anonymous_22)
FN:258,(anonymous_23)
FN:268,(anonymous_24)
FN:324,(anonymous_25)
FN:347,(anonymous_26)
FN:349,(anonymous_27)
FN:362,(anonymous_28)
FN:367,(anonymous_29)
FN:403,(anonymous_30)
FN:430,(anonymous_31)
FN:439,(anonymous_32)
FN:448,(anonymous_33)
FN:457,(anonymous_34)
FN:466,(anonymous_35)
FN:475,(anonymous_36)
FN:487,(anonymous_37)
FN:496,(anonymous_38)
FN:508,(anonymous_39)
FN:520,(anonymous_40)
FN:530,(anonymous_41)
FN:549,(anonymous_42)
FN:560,(anonymous_43)
FN:592,(anonymous_44)
FN:610,(anonymous_45)
FNF:46
FNH:0
FNDA:0,(anonymous_0)
FNDA:0,(anonymous_1)
FNDA:0,(anonymous_2)
FNDA:0,(anonymous_3)
FNDA:0,(anonymous_4)
FNDA:0,(anonymous_5)
FNDA:0,(anonymous_6)
FNDA:0,(anonymous_7)
FNDA:0,(anonymous_8)
FNDA:0,(anonymous_9)
FNDA:0,(anonymous_10)
FNDA:0,(anonymous_11)
FNDA:0,(anonymous_12)
FNDA:0,(anonymous_13)
FNDA:0,(anonymous_14)
FNDA:0,(anonymous_15)
FNDA:0,(anonymous_16)
FNDA:0,(anonymous_17)
FNDA:0,(anonymous_18)
FNDA:0,(anonymous_19)
FNDA:0,(anonymous_20)
FNDA:0,(anonymous_21)
FNDA:0,(anonymous_22)
FNDA:0,(anonymous_23)
FNDA:0,(anonymous_24)
FNDA:0,(anonymous_25)
FNDA:0,(anonymous_26)
FNDA:0,(anonymous_27)
FNDA:0,(anonymous_28)
FNDA:0,(anonymous_29)
FNDA:0,(anonymous_30)
FNDA:0,(anonymous_31)
FNDA:0,(anonymous_32)
FNDA:0,(anonymous_33)
FNDA:0,(anonymous_34)
FNDA:0,(anonymous_35)
FNDA:0,(anonymous_36)
FNDA:0,(anonymous_37)
FNDA:0,(anonymous_38)
FNDA:0,(anonymous_39)
FNDA:0,(anonymous_40)
FNDA:0,(anonymous_41)
FNDA:0,(anonymous_42)
FNDA:0,(anonymous_43)
FNDA:0,(anonymous_44)
FNDA:0,(anonymous_45)
DA:59,0
DA:60,0
DA:61,0
DA:62,0
DA:63,0
DA:64,0
DA:65,0
DA:66,0
DA:67,0
DA:69,0
DA:70,0
DA:71,0
DA:72,0
DA:73,0
DA:74,0
DA:75,0
DA:76,0
DA:77,0
DA:79,0
DA:80,0
DA:81,0
DA:82,0
DA:83,0
DA:86,0
DA:87,0
DA:90,0
DA:91,0
DA:92,0
DA:93,0
DA:97,0
DA:98,0
DA:101,0
DA:102,0
DA:105,0
DA:106,0
DA:108,0
DA:109,0
DA:110,0
DA:111,0
DA:114,0
DA:116,0
DA:117,0
DA:121,0
DA:122,0
DA:123,0
DA:124,0
DA:125,0
DA:126,0
DA:127,0
DA:130,0
DA:131,0
DA:132,0
DA:133,0
DA:135,0
DA:136,0
DA:137,0
DA:140,0
DA:141,0
DA:142,0
DA:145,0
DA:146,0
DA:147,0
DA:150,0
DA:151,0
DA:152,0
DA:155,0
DA:156,0
DA:158,0
DA:159,0
DA:161,0
DA:162,0
DA:164,0
DA:167,0
DA:170,0
DA:171,0
DA:174,0
DA:176,0
DA:177,0
DA:178,0
DA:181,0
DA:182,0
DA:183,0
DA:186,0
DA:188,0
DA:189,0
DA:190,0
DA:193,0
DA:194,0
DA:195,0
DA:196,0
DA:199,0
DA:200,0
DA:201,0
DA:202,0
DA:203,0
DA:205,0
DA:210,0
DA:211,0
DA:212,0
DA:213,0
DA:214,0
DA:218,0
DA:219,0
DA:226,0
DA:227,0
DA:228,0
DA:229,0
DA:231,0
DA:233,0
DA:235,0
DA:238,0
DA:242,0
DA:243,0
DA:244,0
DA:246,0
DA:254,0
DA:258,0
DA:269,0
DA:324,0
DA:348,0
DA:349,0
DA:362,0
DA:367,0
DA:403,0
DA:430,0
DA:439,0
DA:448,0
DA:457,0
DA:466,0
DA:475,0
DA:487,0
DA:496,0
DA:508,0
DA:521,0
DA:530,0
DA:550,0
DA:551,0
DA:561,0
DA:562,0
DA:592,0
DA:610,0
LF:141
LH:0
BRDA:91,0,0,0
BRDA:91,0,1,0
BRDA:109,1,0,0
BRDA:109,1,1,0
BRDA:111,2,0,0
BRDA:111,2,1,0
BRDA:122,3,0,0
BRDA:122,3,1,0
BRDA:123,4,0,0
BRDA:123,4,1,0
BRDA:135,5,0,0
BRDA:135,5,1,0
BRDA:136,6,0,0
BRDA:136,6,1,0
BRDA:137,7,0,0
BRDA:137,7,1,0
BRDA:140,8,0,0
BRDA:140,8,1,0
BRDA:141,9,0,0
BRDA:141,9,1,0
BRDA:142,10,0,0
BRDA:142,10,1,0
BRDA:145,11,0,0
BRDA:145,11,1,0
BRDA:146,12,0,0
BRDA:146,12,1,0
BRDA:147,13,0,0
BRDA:147,13,1,0
BRDA:150,14,0,0
BRDA:150,14,1,0
BRDA:151,15,0,0
BRDA:151,15,1,0
BRDA:152,16,0,0
BRDA:152,16,1,0
BRDA:155,17,0,0
BRDA:155,17,1,0
BRDA:156,18,0,0
BRDA:156,18,1,0
BRDA:158,19,0,0
BRDA:158,19,1,0
BRDA:159,20,0,0
BRDA:159,20,1,0
BRDA:161,21,0,0
BRDA:161,21,1,0
BRDA:162,22,0,0
BRDA:162,22,1,0
BRDA:171,23,0,0
BRDA:171,23,1,0
BRDA:171,24,0,0
BRDA:171,24,1,0
BRDA:200,25,0,0
BRDA:200,25,1,0
BRDA:213,26,0,0
BRDA:213,26,1,0
BRDA:218,27,0,0
BRDA:218,27,1,0
BRDA:228,28,0,0
BRDA:228,28,1,0
BRDA:229,29,0,0
BRDA:229,29,1,0
BRDA:229,29,2,0
BRDA:229,29,3,0
BRDA:229,29,4,0
BRDA:247,30,0,0
BRDA:247,30,1,0
BRDA:248,31,0,0
BRDA:248,31,1,0
BRDA:249,32,0,0
BRDA:249,32,1,0
BRDA:250,33,0,0
BRDA:250,33,1,0
BRDA:251,34,0,0
BRDA:251,34,1,0
BRDA:258,35,0,0
BRDA:258,35,1,0
BRDA:258,36,0,0
BRDA:258,36,1,0
BRDA:258,37,0,0
BRDA:258,37,1,0
BRDA:260,38,0,0
BRDA:260,38,1,0
BRDA:264,39,0,0
BRDA:264,39,1,0
BRDA:320,40,0,0
BRDA:320,40,1,0
BRDA:324,41,0,0
BRDA:324,41,1,0
BRDA:327,42,0,0
BRDA:327,42,1,0
BRDA:328,43,0,0
BRDA:328,43,1,0
BRDA:345,44,0,0
BRDA:345,44,1,0
BRDA:380,45,0,0
BRDA:380,45,1,0
BRDA:386,46,0,0
BRDA:386,46,1,0
BRDA:390,47,0,0
BRDA:390,47,1,0
BRDA:393,48,0,0
BRDA:393,48,1,0
BRDA:396,49,0,0
BRDA:396,49,1,0
BRDA:429,50,0,0
BRDA:429,50,1,0
BRDA:438,51,0,0
BRDA:438,51,1,0
BRDA:447,52,0,0
BRDA:447,52,1,0
BRDA:456,53,0,0
BRDA:456,53,1,0
BRDA:465,54,0,0
BRDA:465,54,1,0
BRDA:474,55,0,0
BRDA:474,55,1,0
BRDA:479,56,0,0
BRDA:479,56,1,0
BRDA:486,57,0,0
BRDA:486,57,1,0
BRDA:495,58,0,0
BRDA:495,58,1,0
BRDA:500,59,0,0
BRDA:500,59,1,0
BRDA:507,60,0,0
BRDA:507,60,1,0
BRDA:512,61,0,0
BRDA:512,61,1,0
BRDA:540,62,0,0
BRDA:540,62,1,0
BRDA:541,63,0,0
BRDA:541,63,1,0
BRDA:542,64,0,0
BRDA:542,64,1,0
BRDA:543,65,0,0
BRDA:543,65,1,0
BRDA:544,66,0,0
BRDA:544,66,1,0
BRDA:604,67,0,0
BRDA:604,67,1,0
BRF:139
BRH:0
end_of_record
TN:
SF:src/utils/SafeStorage.js
FN:13,(anonymous_0)
FN:36,(anonymous_1)
FN:52,(anonymous_2)
FN:66,(anonymous_3)
FN:80,(anonymous_4)
FNF:5
FNH:0
FNDA:0,(anonymous_0)
FNDA:0,(anonymous_1)
FNDA:0,(anonymous_2)
FNDA:0,(anonymous_3)
FNDA:0,(anonymous_4)
DA:6,0
DA:14,0
DA:15,0
DA:16,0
DA:19,0
DA:20,0
DA:22,0
DA:25,0
DA:26,0
DA:37,0
DA:38,0
DA:39,0
DA:40,0
DA:42,0
DA:43,0
DA:53,0
DA:54,0
DA:55,0
DA:57,0
DA:58,0
DA:67,0
DA:68,0
DA:69,0
DA:71,0
DA:72,0
DA:81,0
DA:82,0
DA:83,0
DA:84,0
DA:85,0
DA:87,0
LF:31
LH:0
BRDA:13,0,0,0
BRDA:16,1,0,0
BRDA:16,1,1,0
BRDA:38,2,0,0
BRDA:38,2,1,0
BRF:5
BRH:0
end_of_record
TN:
SF:src/utils/countryUtils.js
FN:5,(anonymous_0)
FN:45,(anonymous_1)
FN:54,(anonymous_2)
FNF:3
FNH:0
FNDA:0,(anonymous_0)
FNDA:0,(anonymous_1)
FNDA:0,(anonymous_2)
DA:5,0
DA:6,0
DA:8,0
DA:9,0
DA:11,0
DA:12,0
DA:16,0
DA:31,0
DA:32,0
DA:34,0
DA:45,0
DA:46,0
DA:47,0
DA:54,0
DA:55,0
DA:56,0
LF:16
LH:0
BRDA:8,0,0,0
BRDA:8,0,1,0
BRDA:11,1,0,0
BRDA:11,1,1,0
BRDA:32,2,0,0
BRDA:32,2,1,0
BRDA:47,3,0,0
BRDA:47,3,1,0
BRF:8
BRH:0
end_of_record
TN:
SF:src/utils/distanceUtils.js
FN:12,(anonymous_0)
FN:32,(anonymous_1)
FN:54,(anonymous_2)
FN:77,(anonymous_3)
FN:100,(anonymous_4)
FN:120,(anonymous_5)
FN:133,(anonymous_6)
FNF:7
FNH:0
FNDA:0,(anonymous_0)
FNDA:0,(anonymous_1)
FNDA:0,(anonymous_2)
FNDA:0,(anonymous_3)
FNDA:0,(anonymous_4)
FNDA:0,(anonymous_5)
FNDA:0,(anonymous_6)
DA:2,0
DA:3,0
DA:12,0
DA:13,0
DA:14,0
DA:16,0
DA:18,0
DA:19,0
DA:21,0
DA:22,0
DA:32,0
DA:33,0
DA:34,0
DA:36,0
DA:38,0
DA:39,0
DA:41,0
DA:42,0
DA:54,0
DA:55,0
DA:56,0
DA:58,0
DA:59,0
DA:62,0
DA:63,0
DA:65,0
DA:66,0
DA:77,0
DA:78,0
DA:79,0
DA:81,0
DA:82,0
DA:85,0
DA:86,0
DA:88,0
DA:89,0
DA:100,0
DA:101,0
DA:102,0
DA:106,0
DA:111,0
DA:112,0
DA:120,0
DA:121,0
DA:133,0
DA:134,0
DA:136,0
DA:137,0
LF:48
LH:0
BRDA:12,0,0,0
BRDA:12,1,0,0
BRDA:13,2,0,0
BRDA:13,2,1,0
BRDA:13,3,0,0
BRDA:13,3,1,0
BRDA:14,4,0,0
BRDA:14,4,1,0
BRDA:14,5,0,0
BRDA:14,5,1,0
BRDA:18,6,0,0
BRDA:18,6,1,0
BRDA:19,7,0,0
BRDA:19,7,1,0
BRDA:32,8,0,0
BRDA:32,9,0,0
BRDA:33,10,0,0
BRDA:33,10,1,0
BRDA:33,11,0,0
BRDA:33,11,1,0
BRDA:34,12,0,0
BRDA:34,12,1,0
BRDA:34,13,0,0
BRDA:34,13,1,0
BRDA:38,14,0,0
BRDA:38,14,1,0
BRDA:39,15,0,0
BRDA:39,15,1,0
BRDA:54,16,0,0
BRDA:54,17,0,0
BRDA:55,18,0,0
BRDA:55,18,1,0
BRDA:55,19,0,0
BRDA:55,19,1,0
BRDA:56,20,0,0
BRDA:56,20,1,0
BRDA:56,21,0,0
BRDA:56,21,1,0
BRDA:58,22,0,0
BRDA:58,22,1,0
BRDA:62,23,0,0
BRDA:62,23,1,0
BRDA:63,24,0,0
BRDA:63,24,1,0
BRDA:77,25,0,0
BRDA:77,26,0,0
BRDA:78,27,0,0
BRDA:78,27,1,0
BRDA:78,28,0,0
BRDA:78,28,1,0
BRDA:79,29,0,0
BRDA:79,29,1,0
BRDA:79,30,0,0
BRDA:79,30,1,0
BRDA:81,31,0,0
BRDA:81,31,1,0
BRDA:85,32,0,0
BRDA:85,32,1,0
BRDA:86,33,0,0
BRDA:86,33,1,0
BRDA:100,34,0,0
BRDA:100,35,0,0
BRDA:101,36,0,0
BRDA:101,36,1,0
BRDA:101,37,0,0
BRDA:101,37,1,0
BRDA:101,37,2,0
BRDA:102,38,0,0
BRDA:102,38,1,0
BRDA:121,39,0,0
BRDA:121,39,1,0
BRDA:133,40,0,0
BRDA:134,41,0,0
BRDA:134,42,0,0
BRF:74
BRH:0
end_of_record
TN:
SF:src/utils/formatCurrency.js
FN:1,formatCurrency
FNF:1
FNH:0
FNDA:0,formatCurrency
DA:2,0
DA:3,0
DA:4,0
DA:5,0
DA:12,0
LF:5
LH:0
BRDA:1,0,0,0
BRDA:2,1,0,0
BRDA:2,1,1,0
BRDA:3,2,0,0
BRDA:3,2,1,0
BRDA:5,3,0,0
BRDA:5,3,1,0
BRF:7
BRH:0
end_of_record
TN:
SF:src/utils/formatDate.js
FN:1,formatDateISO
FNF:1
FNH:0
FNDA:0,formatDateISO
DA:2,0
DA:3,0
DA:4,0
DA:5,0
LF:4
LH:0
BRDA:2,0,0,0
BRDA:2,0,1,0
BRDA:3,1,0,0
BRDA:3,1,1,0
BRDA:4,2,0,0
BRDA:4,2,1,0
BRF:6
BRH:0
end_of_record
TN:
SF:src/utils/logger.js
FN:9,(anonymous_0)
FN:15,(anonymous_1)
FN:21,(anonymous_2)
FN:27,(anonymous_3)
FN:32,(anonymous_4)
FN:38,(anonymous_5)
FN:44,(anonymous_6)
FN:50,(anonymous_7)
FNF:8
FNH:0
FNDA:0,(anonymous_0)
FNDA:0,(anonymous_1)
FNDA:0,(anonymous_2)
FNDA:0,(anonymous_3)
FNDA:0,(anonymous_4)
FNDA:0,(anonymous_5)
FNDA:0,(anonymous_6)
FNDA:0,(anonymous_7)
DA:6,0
DA:8,0
DA:10,0
DA:11,0
DA:16,0
DA:17,0
DA:22,0
DA:23,0
DA:29,0
DA:33,0
DA:34,0
DA:39,0
DA:40,0
DA:45,0
DA:46,0
DA:51,0
DA:52,0
LF:17
LH:0
BRDA:10,0,0,0
BRDA:10,0,1,0
BRDA:16,1,0,0
BRDA:16,1,1,0
BRDA:22,2,0,0
BRDA:22,2,1,0
BRDA:33,3,0,0
BRDA:33,3,1,0
BRDA:39,4,0,0
BRDA:39,4,1,0
BRDA:39,5,0,0
BRDA:39,5,1,0
BRDA:45,6,0,0
BRDA:45,6,1,0
BRDA:45,7,0,0
BRDA:45,7,1,0
BRDA:51,8,0,0
BRDA:51,8,1,0
BRDA:51,9,0,0
BRDA:51,9,1,0
BRF:20
BRH:0
end_of_record
